[2025-04-06T11:23:40.825+0000] {local_task_job_runner.py:123} INFO - ::group::Pre task execution logs
[2025-04-06T11:23:40.836+0000] {taskinstance.py:2613} INFO - Dependencies all met for dep_context=non-requeueable deps ti=<TaskInstance: weather_api_dag.get_weather_data manual__2025-04-06T11:23:38.337814+00:00 [queued]>
[2025-04-06T11:23:40.842+0000] {taskinstance.py:2613} INFO - Dependencies all met for dep_context=requeueable deps ti=<TaskInstance: weather_api_dag.get_weather_data manual__2025-04-06T11:23:38.337814+00:00 [queued]>
[2025-04-06T11:23:40.842+0000] {taskinstance.py:2866} INFO - Starting attempt 1 of 1
[2025-04-06T11:23:40.852+0000] {taskinstance.py:2889} INFO - Executing <Task(PythonOperator): get_weather_data> on 2025-04-06 11:23:38.337814+00:00
[2025-04-06T11:23:40.863+0000] {logging_mixin.py:190} WARNING - /home/***/.local/lib/python3.12/site-packages/***/task/task_runner/standard_task_runner.py:70 DeprecationWarning: This process (pid=219138) is multi-threaded, use of fork() may lead to deadlocks in the child.
[2025-04-06T11:23:40.864+0000] {standard_task_runner.py:72} INFO - Started process 219139 to run task
[2025-04-06T11:23:40.863+0000] {standard_task_runner.py:104} INFO - Running: ['***', 'tasks', 'run', 'weather_api_dag', 'get_weather_data', 'manual__2025-04-06T11:23:38.337814+00:00', '--job-id', '731', '--raw', '--subdir', 'DAGS_FOLDER/weatherAPIDAG.py', '--cfg-path', '/tmp/tmppdyn2dr_']
[2025-04-06T11:23:40.865+0000] {standard_task_runner.py:105} INFO - Job 731: Subtask get_weather_data
[2025-04-06T11:23:40.937+0000] {task_command.py:467} INFO - Running <TaskInstance: weather_api_dag.get_weather_data manual__2025-04-06T11:23:38.337814+00:00 [running]> on host ab13fcc6a433
[2025-04-06T11:23:41.113+0000] {taskinstance.py:3132} INFO - Exporting env vars: AIRFLOW_CTX_DAG_OWNER='***' AIRFLOW_CTX_DAG_ID='weather_api_dag' AIRFLOW_CTX_TASK_ID='get_weather_data' AIRFLOW_CTX_EXECUTION_DATE='2025-04-06T11:23:38.337814+00:00' AIRFLOW_CTX_TRY_NUMBER='1' AIRFLOW_CTX_DAG_RUN_ID='manual__2025-04-06T11:23:38.337814+00:00'
[2025-04-06T11:23:41.115+0000] {logging_mixin.py:190} INFO - Task instance is in running state
[2025-04-06T11:23:41.115+0000] {logging_mixin.py:190} INFO -  Previous state of the Task instance: queued
[2025-04-06T11:23:41.115+0000] {logging_mixin.py:190} INFO - Current task name:get_weather_data state:running start_date:2025-04-06 11:23:40.837094+00:00
[2025-04-06T11:23:41.118+0000] {logging_mixin.py:190} INFO - Dag name:weather_api_dag and current dag run status:running
[2025-04-06T11:23:41.118+0000] {taskinstance.py:731} INFO - ::endgroup::
[2025-04-06T11:23:41.183+0000] {logging_mixin.py:190} INFO - https://api.openweathermap.org/data/2.5/weather?q=bangkok&appid=a721af6b5545eb25497f1edd07d1ee0c&units=metric
[2025-04-06T11:23:41.184+0000] {logging_mixin.py:190} INFO - {'coord': {'lon': 100.5167, 'lat': 13.75}, 'weather': [{'id': 802, 'main': 'Clouds', 'description': 'scattered clouds', 'icon': '03d'}], 'base': 'stations', 'main': {'temp': 34.29, 'feels_like': 36.49, 'temp_min': 33.28, 'temp_max': 34.95, 'pressure': 1007, 'humidity': 42, 'sea_level': 1007, 'grnd_level': 1006}, 'visibility': 10000, 'wind': {'speed': 6.53, 'deg': 191, 'gust': 8.31}, 'clouds': {'all': 41}, 'dt': 1743937831, 'sys': {'type': 2, 'id': 197969, 'country': 'TH', 'sunrise': 1743894627, 'sunset': 1743938997}, 'timezone': 25200, 'id': 1609350, 'name': 'Bangkok', 'cod': 200}
[2025-04-06T11:23:41.185+0000] {python.py:240} INFO - Done. Returned value was: None
[2025-04-06T11:23:41.196+0000] {taskinstance.py:340} INFO - ::group::Post task execution logs
[2025-04-06T11:23:41.196+0000] {taskinstance.py:352} INFO - Marking task as SUCCESS. dag_id=weather_api_dag, task_id=get_weather_data, run_id=manual__2025-04-06T11:23:38.337814+00:00, execution_date=20250406T112338, start_date=20250406T112340, end_date=20250406T112341
[2025-04-06T11:23:41.210+0000] {logging_mixin.py:190} INFO - Task instance in success state
[2025-04-06T11:23:41.210+0000] {logging_mixin.py:190} INFO -  Previous state of the Task instance: running
[2025-04-06T11:23:41.210+0000] {logging_mixin.py:190} INFO - Dag name:weather_api_dag queued_at:2025-04-06 11:23:38.345412+00:00
[2025-04-06T11:23:41.210+0000] {logging_mixin.py:190} INFO - Task hostname:ab13fcc6a433 operator:PythonOperator
[2025-04-06T11:23:41.244+0000] {local_task_job_runner.py:266} INFO - Task exited with return code 0
[2025-04-06T11:23:41.274+0000] {taskinstance.py:3895} INFO - 1 downstream tasks scheduled from follow-on schedule check
[2025-04-06T11:23:41.278+0000] {local_task_job_runner.py:245} INFO - ::endgroup::
