[2025-04-06T10:07:20.297+0000] {local_task_job_runner.py:123} INFO - ::group::Pre task execution logs
[2025-04-06T10:07:20.356+0000] {taskinstance.py:2613} INFO - Dependencies all met for dep_context=non-requeueable deps ti=<TaskInstance: weather_api_dag.get_weather_data scheduled__2025-04-06T09:00:00+00:00 [queued]>
[2025-04-06T10:07:20.371+0000] {taskinstance.py:2613} INFO - Dependencies all met for dep_context=requeueable deps ti=<TaskInstance: weather_api_dag.get_weather_data scheduled__2025-04-06T09:00:00+00:00 [queued]>
[2025-04-06T10:07:20.371+0000] {taskinstance.py:2866} INFO - Starting attempt 2 of 2
[2025-04-06T10:07:20.422+0000] {taskinstance.py:2889} INFO - Executing <Task(PythonOperator): get_weather_data> on 2025-04-06 09:00:00+00:00
[2025-04-06T10:07:20.480+0000] {logging_mixin.py:190} WARNING - /home/***/.local/lib/python3.12/site-packages/***/task/task_runner/standard_task_runner.py:70 DeprecationWarning: This process (pid=173215) is multi-threaded, use of fork() may lead to deadlocks in the child.
[2025-04-06T10:07:20.483+0000] {standard_task_runner.py:72} INFO - Started process 173239 to run task
[2025-04-06T10:07:20.474+0000] {standard_task_runner.py:104} INFO - Running: ['***', 'tasks', 'run', 'weather_api_dag', 'get_weather_data', 'scheduled__2025-04-06T09:00:00+00:00', '--job-id', '708', '--raw', '--subdir', 'DAGS_FOLDER/weatherAPIDAG.py', '--cfg-path', '/tmp/tmp_k7gyv7m']
[2025-04-06T10:07:20.486+0000] {standard_task_runner.py:105} INFO - Job 708: Subtask get_weather_data
[2025-04-06T10:07:20.586+0000] {task_command.py:467} INFO - Running <TaskInstance: weather_api_dag.get_weather_data scheduled__2025-04-06T09:00:00+00:00 [running]> on host ab13fcc6a433
[2025-04-06T10:07:20.692+0000] {taskinstance.py:3132} INFO - Exporting env vars: AIRFLOW_CTX_DAG_OWNER='***' AIRFLOW_CTX_DAG_ID='weather_api_dag' AIRFLOW_CTX_TASK_ID='get_weather_data' AIRFLOW_CTX_EXECUTION_DATE='2025-04-06T09:00:00+00:00' AIRFLOW_CTX_TRY_NUMBER='2' AIRFLOW_CTX_DAG_RUN_ID='scheduled__2025-04-06T09:00:00+00:00'
[2025-04-06T10:07:20.693+0000] {logging_mixin.py:190} INFO - Task instance is in running state
[2025-04-06T10:07:20.693+0000] {logging_mixin.py:190} INFO -  Previous state of the Task instance: queued
[2025-04-06T10:07:20.693+0000] {logging_mixin.py:190} INFO - Current task name:get_weather_data state:running start_date:2025-04-06 10:07:20.356980+00:00
[2025-04-06T10:07:20.694+0000] {logging_mixin.py:190} INFO - Dag name:weather_api_dag and current dag run status:running
[2025-04-06T10:07:20.694+0000] {taskinstance.py:731} INFO - ::endgroup::
[2025-04-06T10:07:20.708+0000] {logging_mixin.py:190} INFO - https://api.openweathermap.org/data/2.5/weather?q=bangkok&appid=a721af6b5545eb25497f1edd07d1ee0c&units=metric
[2025-04-06T10:07:20.709+0000] {logging_mixin.py:190} INFO - {'coord': {'lon': 100.5167, 'lat': 13.75}, 'weather': [{'id': 802, 'main': 'Clouds', 'description': 'scattered clouds', 'icon': '03d'}], 'base': 'stations', 'main': {'temp': 36.05, 'feels_like': 41.53, 'temp_min': 34.94, 'temp_max': 36.08, 'pressure': 1007, 'humidity': 46, 'sea_level': 1007, 'grnd_level': 1006}, 'visibility': 10000, 'wind': {'speed': 6.69, 'deg': 189, 'gust': 7.1}, 'clouds': {'all': 28}, 'dt': 1743933689, 'sys': {'type': 2, 'id': 2093772, 'country': 'TH', 'sunrise': 1743894627, 'sunset': 1743938997}, 'timezone': 25200, 'id': 1609350, 'name': 'Bangkok', 'cod': 200}
[2025-04-06T10:07:20.709+0000] {python.py:240} INFO - Done. Returned value was: None
[2025-04-06T10:07:20.716+0000] {taskinstance.py:340} INFO - ::group::Post task execution logs
[2025-04-06T10:07:20.716+0000] {taskinstance.py:352} INFO - Marking task as SUCCESS. dag_id=weather_api_dag, task_id=get_weather_data, run_id=scheduled__2025-04-06T09:00:00+00:00, execution_date=20250406T090000, start_date=20250406T100720, end_date=20250406T100720
[2025-04-06T10:07:20.723+0000] {logging_mixin.py:190} INFO - Task instance in success state
[2025-04-06T10:07:20.723+0000] {logging_mixin.py:190} INFO -  Previous state of the Task instance: running
[2025-04-06T10:07:20.723+0000] {logging_mixin.py:190} INFO - Dag name:weather_api_dag queued_at:2025-04-06 10:07:18.457134+00:00
[2025-04-06T10:07:20.723+0000] {logging_mixin.py:190} INFO - Task hostname:ab13fcc6a433 operator:PythonOperator
[2025-04-06T10:07:20.745+0000] {local_task_job_runner.py:266} INFO - Task exited with return code 0
[2025-04-06T10:07:20.760+0000] {taskinstance.py:3895} INFO - 0 downstream tasks scheduled from follow-on schedule check
[2025-04-06T10:07:20.761+0000] {local_task_job_runner.py:245} INFO - ::endgroup::
