[2025-04-06T07:30:14.996+0000] {local_task_job_runner.py:123} INFO - ::group::Pre task execution logs
[2025-04-06T07:30:15.096+0000] {taskinstance.py:2613} INFO - Dependencies all met for dep_context=non-requeueable deps ti=<TaskInstance: weather_api_dag.get_weather_data scheduled__2025-03-12T00:00:00+00:00 [queued]>
[2025-04-06T07:30:15.175+0000] {taskinstance.py:2613} INFO - Dependencies all met for dep_context=requeueable deps ti=<TaskInstance: weather_api_dag.get_weather_data scheduled__2025-03-12T00:00:00+00:00 [queued]>
[2025-04-06T07:30:15.176+0000] {taskinstance.py:2866} INFO - Starting attempt 1 of 1
[2025-04-06T07:30:15.362+0000] {taskinstance.py:2889} INFO - Executing <Task(PythonOperator): get_weather_data> on 2025-03-12 00:00:00+00:00
[2025-04-06T07:30:15.492+0000] {logging_mixin.py:190} WARNING - /home/***/.local/lib/python3.12/site-packages/***/task/task_runner/standard_task_runner.py:70 DeprecationWarning: This process (pid=78534) is multi-threaded, use of fork() may lead to deadlocks in the child.
[2025-04-06T07:30:15.508+0000] {standard_task_runner.py:72} INFO - Started process 78596 to run task
[2025-04-06T07:30:15.484+0000] {standard_task_runner.py:104} INFO - Running: ['***', 'tasks', 'run', 'weather_api_dag', 'get_weather_data', 'scheduled__2025-03-12T00:00:00+00:00', '--job-id', '492', '--raw', '--subdir', 'DAGS_FOLDER/weatherAPIDAG.py', '--cfg-path', '/tmp/tmpg8jw00p3']
[2025-04-06T07:30:15.514+0000] {standard_task_runner.py:105} INFO - Job 492: Subtask get_weather_data
[2025-04-06T07:30:15.841+0000] {task_command.py:467} INFO - Running <TaskInstance: weather_api_dag.get_weather_data scheduled__2025-03-12T00:00:00+00:00 [running]> on host ab13fcc6a433
[2025-04-06T07:30:16.807+0000] {taskinstance.py:3132} INFO - Exporting env vars: AIRFLOW_CTX_DAG_OWNER='***' AIRFLOW_CTX_DAG_ID='weather_api_dag' AIRFLOW_CTX_TASK_ID='get_weather_data' AIRFLOW_CTX_EXECUTION_DATE='2025-03-12T00:00:00+00:00' AIRFLOW_CTX_TRY_NUMBER='1' AIRFLOW_CTX_DAG_RUN_ID='scheduled__2025-03-12T00:00:00+00:00'
[2025-04-06T07:30:16.812+0000] {logging_mixin.py:190} INFO - Task instance is in running state
[2025-04-06T07:30:16.834+0000] {logging_mixin.py:190} INFO -  Previous state of the Task instance: queued
[2025-04-06T07:30:16.834+0000] {logging_mixin.py:190} INFO - Current task name:get_weather_data state:running start_date:2025-04-06 07:30:15.101020+00:00
[2025-04-06T07:30:16.837+0000] {logging_mixin.py:190} INFO - Dag name:weather_api_dag and current dag run status:running
[2025-04-06T07:30:16.839+0000] {taskinstance.py:731} INFO - ::endgroup::
[2025-04-06T07:30:16.938+0000] {logging_mixin.py:190} INFO - https://api.openweathermap.org/data/2.5/weather?q=bangkok&appid=a721af6b5545eb25497f1edd07d1ee0c&units=metric
[2025-04-06T07:30:16.938+0000] {logging_mixin.py:190} INFO - {'coord': {'lon': 100.5167, 'lat': 13.75}, 'weather': [{'id': 800, 'main': 'Clear', 'description': 'clear sky', 'icon': '01d'}], 'base': 'stations', 'main': {'temp': 36.18, 'feels_like': 42.7, 'temp_min': 34.94, 'temp_max': 37.19, 'pressure': 1009, 'humidity': 48, 'sea_level': 1009, 'grnd_level': 1008}, 'visibility': 10000, 'wind': {'speed': 5.34, 'deg': 176, 'gust': 5.57}, 'clouds': {'all': 0}, 'dt': 1743924300, 'sys': {'type': 2, 'id': 2093772, 'country': 'TH', 'sunrise': 1743894627, 'sunset': 1743938997}, 'timezone': 25200, 'id': 1609350, 'name': 'Bangkok', 'cod': 200}
[2025-04-06T07:30:16.939+0000] {python.py:240} INFO - Done. Returned value was: None
[2025-04-06T07:30:16.993+0000] {taskinstance.py:340} INFO - ::group::Post task execution logs
[2025-04-06T07:30:17.003+0000] {taskinstance.py:352} INFO - Marking task as SUCCESS. dag_id=weather_api_dag, task_id=get_weather_data, run_id=scheduled__2025-03-12T00:00:00+00:00, execution_date=20250312T000000, start_date=20250406T073015, end_date=20250406T073017
[2025-04-06T07:30:17.080+0000] {logging_mixin.py:190} INFO - Task instance in success state
[2025-04-06T07:30:17.083+0000] {logging_mixin.py:190} INFO -  Previous state of the Task instance: running
[2025-04-06T07:30:17.087+0000] {logging_mixin.py:190} INFO - Dag name:weather_api_dag queued_at:2025-04-06 07:30:04.525135+00:00
[2025-04-06T07:30:17.087+0000] {logging_mixin.py:190} INFO - Task hostname:ab13fcc6a433 operator:PythonOperator
[2025-04-06T07:30:17.221+0000] {local_task_job_runner.py:266} INFO - Task exited with return code 0
[2025-04-06T07:30:17.281+0000] {taskinstance.py:3895} INFO - 0 downstream tasks scheduled from follow-on schedule check
[2025-04-06T07:30:17.307+0000] {local_task_job_runner.py:245} INFO - ::endgroup::
