[2025-04-06T11:22:11.889+0000] {local_task_job_runner.py:123} INFO - ::group::Pre task execution logs
[2025-04-06T11:22:11.901+0000] {taskinstance.py:2613} INFO - Dependencies all met for dep_context=non-requeueable deps ti=<TaskInstance: weather_api_dag.get_weather_data manual__2025-04-06T11:22:09.529298+00:00 [queued]>
[2025-04-06T11:22:11.907+0000] {taskinstance.py:2613} INFO - Dependencies all met for dep_context=requeueable deps ti=<TaskInstance: weather_api_dag.get_weather_data manual__2025-04-06T11:22:09.529298+00:00 [queued]>
[2025-04-06T11:22:11.907+0000] {taskinstance.py:2866} INFO - Starting attempt 1 of 1
[2025-04-06T11:22:11.917+0000] {taskinstance.py:2889} INFO - Executing <Task(PythonOperator): get_weather_data> on 2025-04-06 11:22:09.529298+00:00
[2025-04-06T11:22:11.928+0000] {logging_mixin.py:190} WARNING - /home/***/.local/lib/python3.12/site-packages/***/task/task_runner/standard_task_runner.py:70 DeprecationWarning: This process (pid=218225) is multi-threaded, use of fork() may lead to deadlocks in the child.
[2025-04-06T11:22:11.928+0000] {standard_task_runner.py:104} INFO - Running: ['***', 'tasks', 'run', 'weather_api_dag', 'get_weather_data', 'manual__2025-04-06T11:22:09.529298+00:00', '--job-id', '728', '--raw', '--subdir', 'DAGS_FOLDER/weatherAPIDAG.py', '--cfg-path', '/tmp/tmpyozegk1r']
[2025-04-06T11:22:11.929+0000] {standard_task_runner.py:72} INFO - Started process 218241 to run task
[2025-04-06T11:22:11.929+0000] {standard_task_runner.py:105} INFO - Job 728: Subtask get_weather_data
[2025-04-06T11:22:11.964+0000] {task_command.py:467} INFO - Running <TaskInstance: weather_api_dag.get_weather_data manual__2025-04-06T11:22:09.529298+00:00 [running]> on host ab13fcc6a433
[2025-04-06T11:22:12.029+0000] {taskinstance.py:3132} INFO - Exporting env vars: AIRFLOW_CTX_DAG_OWNER='***' AIRFLOW_CTX_DAG_ID='weather_api_dag' AIRFLOW_CTX_TASK_ID='get_weather_data' AIRFLOW_CTX_EXECUTION_DATE='2025-04-06T11:22:09.529298+00:00' AIRFLOW_CTX_TRY_NUMBER='1' AIRFLOW_CTX_DAG_RUN_ID='manual__2025-04-06T11:22:09.529298+00:00'
[2025-04-06T11:22:12.030+0000] {logging_mixin.py:190} INFO - Task instance is in running state
[2025-04-06T11:22:12.030+0000] {logging_mixin.py:190} INFO -  Previous state of the Task instance: queued
[2025-04-06T11:22:12.031+0000] {logging_mixin.py:190} INFO - Current task name:get_weather_data state:running start_date:2025-04-06 11:22:11.901472+00:00
[2025-04-06T11:22:12.031+0000] {logging_mixin.py:190} INFO - Dag name:weather_api_dag and current dag run status:running
[2025-04-06T11:22:12.031+0000] {taskinstance.py:731} INFO - ::endgroup::
[2025-04-06T11:22:12.083+0000] {logging_mixin.py:190} INFO - https://api.openweathermap.org/data/2.5/weather?q=bangkok&appid=a721af6b5545eb25497f1edd07d1ee0c&units=metric
[2025-04-06T11:22:12.083+0000] {logging_mixin.py:190} INFO - {'coord': {'lon': 100.5167, 'lat': 13.75}, 'weather': [{'id': 802, 'main': 'Clouds', 'description': 'scattered clouds', 'icon': '03d'}], 'base': 'stations', 'main': {'temp': 34.12, 'feels_like': 40.1, 'temp_min': 32.73, 'temp_max': 34.95, 'pressure': 1007, 'humidity': 54, 'sea_level': 1007, 'grnd_level': 1006}, 'visibility': 10000, 'wind': {'speed': 6.53, 'deg': 191, 'gust': 8.31}, 'clouds': {'all': 41}, 'dt': 1743938247, 'sys': {'type': 2, 'id': 2073525, 'country': 'TH', 'sunrise': 1743894627, 'sunset': 1743938997}, 'timezone': 25200, 'id': 1609350, 'name': 'Bangkok', 'cod': 200}
[2025-04-06T11:22:12.084+0000] {python.py:240} INFO - Done. Returned value was: None
[2025-04-06T11:22:12.091+0000] {taskinstance.py:340} INFO - ::group::Post task execution logs
[2025-04-06T11:22:12.091+0000] {taskinstance.py:352} INFO - Marking task as SUCCESS. dag_id=weather_api_dag, task_id=get_weather_data, run_id=manual__2025-04-06T11:22:09.529298+00:00, execution_date=20250406T112209, start_date=20250406T112211, end_date=20250406T112212
[2025-04-06T11:22:12.097+0000] {logging_mixin.py:190} INFO - Task instance in success state
[2025-04-06T11:22:12.097+0000] {logging_mixin.py:190} INFO -  Previous state of the Task instance: running
[2025-04-06T11:22:12.098+0000] {logging_mixin.py:190} INFO - Dag name:weather_api_dag queued_at:2025-04-06 11:22:09.539649+00:00
[2025-04-06T11:22:12.098+0000] {logging_mixin.py:190} INFO - Task hostname:ab13fcc6a433 operator:PythonOperator
[2025-04-06T11:22:12.145+0000] {local_task_job_runner.py:266} INFO - Task exited with return code 0
[2025-04-06T11:22:12.165+0000] {taskinstance.py:3895} INFO - 1 downstream tasks scheduled from follow-on schedule check
[2025-04-06T11:22:12.166+0000] {local_task_job_runner.py:245} INFO - ::endgroup::
