[2025-04-06T10:56:22.442+0000] {local_task_job_runner.py:123} INFO - ::group::Pre task execution logs
[2025-04-06T10:56:22.578+0000] {taskinstance.py:2613} INFO - Dependencies all met for dep_context=non-requeueable deps ti=<TaskInstance: weather_api_dag.get_weather_data scheduled__2025-02-12T09:00:00+00:00 [queued]>
[2025-04-06T10:56:22.622+0000] {taskinstance.py:2613} INFO - Dependencies all met for dep_context=requeueable deps ti=<TaskInstance: weather_api_dag.get_weather_data scheduled__2025-02-12T09:00:00+00:00 [queued]>
[2025-04-06T10:56:22.626+0000] {taskinstance.py:2866} INFO - Starting attempt 2 of 2
[2025-04-06T10:56:22.829+0000] {taskinstance.py:2889} INFO - Executing <Task(PythonOperator): get_weather_data> on 2025-02-12 09:00:00+00:00
[2025-04-06T10:56:22.997+0000] {standard_task_runner.py:104} INFO - Running: ['***', 'tasks', 'run', 'weather_api_dag', 'get_weather_data', 'scheduled__2025-02-12T09:00:00+00:00', '--job-id', '718', '--raw', '--subdir', 'DAGS_FOLDER/weatherAPIDAG.py', '--cfg-path', '/tmp/tmp9rds9zov']
[2025-04-06T10:56:23.018+0000] {standard_task_runner.py:105} INFO - Job 718: Subtask get_weather_data
[2025-04-06T10:56:23.009+0000] {logging_mixin.py:190} WARNING - /home/***/.local/lib/python3.12/site-packages/***/task/task_runner/standard_task_runner.py:70 DeprecationWarning: This process (pid=202551) is multi-threaded, use of fork() may lead to deadlocks in the child.
[2025-04-06T10:56:23.037+0000] {standard_task_runner.py:72} INFO - Started process 202640 to run task
[2025-04-06T10:56:23.540+0000] {task_command.py:467} INFO - Running <TaskInstance: weather_api_dag.get_weather_data scheduled__2025-02-12T09:00:00+00:00 [running]> on host ab13fcc6a433
[2025-04-06T10:56:24.218+0000] {taskinstance.py:3132} INFO - Exporting env vars: AIRFLOW_CTX_DAG_OWNER='***' AIRFLOW_CTX_DAG_ID='weather_api_dag' AIRFLOW_CTX_TASK_ID='get_weather_data' AIRFLOW_CTX_EXECUTION_DATE='2025-02-12T09:00:00+00:00' AIRFLOW_CTX_TRY_NUMBER='2' AIRFLOW_CTX_DAG_RUN_ID='scheduled__2025-02-12T09:00:00+00:00'
[2025-04-06T10:56:24.220+0000] {logging_mixin.py:190} INFO - Task instance is in running state
[2025-04-06T10:56:24.237+0000] {logging_mixin.py:190} INFO -  Previous state of the Task instance: queued
[2025-04-06T10:56:24.238+0000] {logging_mixin.py:190} INFO - Current task name:get_weather_data state:running start_date:2025-04-06 10:56:22.579469+00:00
[2025-04-06T10:56:24.238+0000] {logging_mixin.py:190} INFO - Dag name:weather_api_dag and current dag run status:running
[2025-04-06T10:56:24.239+0000] {taskinstance.py:731} INFO - ::endgroup::
[2025-04-06T10:56:24.335+0000] {logging_mixin.py:190} INFO - https://api.openweathermap.org/data/2.5/weather?q=bangkok&appid=a721af6b5545eb25497f1edd07d1ee0c&units=metric
[2025-04-06T10:56:24.349+0000] {logging_mixin.py:190} INFO - {'coord': {'lon': 100.5167, 'lat': 13.75}, 'weather': [{'id': 802, 'main': 'Clouds', 'description': 'scattered clouds', 'icon': '03d'}], 'base': 'stations', 'main': {'temp': 34.14, 'feels_like': 41.14, 'temp_min': 33.84, 'temp_max': 34.95, 'pressure': 1007, 'humidity': 58, 'sea_level': 1007, 'grnd_level': 1006}, 'visibility': 10000, 'wind': {'speed': 6.53, 'deg': 191, 'gust': 8.31}, 'clouds': {'all': 41}, 'dt': 1743936614, 'sys': {'type': 1, 'id': 9235, 'country': 'TH', 'sunrise': 1743894627, 'sunset': 1743938997}, 'timezone': 25200, 'id': 1609350, 'name': 'Bangkok', 'cod': 200}
[2025-04-06T10:56:24.350+0000] {python.py:240} INFO - Done. Returned value was: None
[2025-04-06T10:56:24.413+0000] {taskinstance.py:340} INFO - ::group::Post task execution logs
[2025-04-06T10:56:24.424+0000] {taskinstance.py:352} INFO - Marking task as SUCCESS. dag_id=weather_api_dag, task_id=get_weather_data, run_id=scheduled__2025-02-12T09:00:00+00:00, execution_date=20250212T090000, start_date=20250406T105622, end_date=20250406T105624
[2025-04-06T10:56:24.527+0000] {logging_mixin.py:190} INFO - Task instance in success state
[2025-04-06T10:56:24.527+0000] {logging_mixin.py:190} INFO -  Previous state of the Task instance: running
[2025-04-06T10:56:24.528+0000] {logging_mixin.py:190} INFO - Dag name:weather_api_dag queued_at:2025-04-06 10:56:11.065073+00:00
[2025-04-06T10:56:24.528+0000] {logging_mixin.py:190} INFO - Task hostname:ab13fcc6a433 operator:PythonOperator
[2025-04-06T10:56:24.779+0000] {local_task_job_runner.py:266} INFO - Task exited with return code 0
[2025-04-06T10:56:24.871+0000] {taskinstance.py:3895} INFO - 0 downstream tasks scheduled from follow-on schedule check
[2025-04-06T10:56:24.880+0000] {local_task_job_runner.py:245} INFO - ::endgroup::
