[2025-04-06T19:01:19.224+0000] {local_task_job_runner.py:123} INFO - ::group::Pre task execution logs
[2025-04-06T19:01:19.569+0000] {taskinstance.py:2613} INFO - Dependencies all met for dep_context=non-requeueable deps ti=<TaskInstance: weather_api_dag.get_weather_data scheduled__2025-04-06T18:00:00+00:00 [queued]>
[2025-04-06T19:01:19.686+0000] {taskinstance.py:2613} INFO - Dependencies all met for dep_context=requeueable deps ti=<TaskInstance: weather_api_dag.get_weather_data scheduled__2025-04-06T18:00:00+00:00 [queued]>
[2025-04-06T19:01:19.687+0000] {taskinstance.py:2866} INFO - Starting attempt 1 of 1
[2025-04-06T19:01:19.930+0000] {taskinstance.py:2889} INFO - Executing <Task(PythonOperator): get_weather_data> on 2025-04-06 18:00:00+00:00
[2025-04-06T19:01:20.020+0000] {standard_task_runner.py:104} INFO - Running: ['***', 'tasks', 'run', 'weather_api_dag', 'get_weather_data', 'scheduled__2025-04-06T18:00:00+00:00', '--job-id', '745', '--raw', '--subdir', 'DAGS_FOLDER/weatherAPIDAG.py', '--cfg-path', '/tmp/tmpif8wi0jf']
[2025-04-06T19:01:20.032+0000] {standard_task_runner.py:105} INFO - Job 745: Subtask get_weather_data
[2025-04-06T19:01:20.095+0000] {logging_mixin.py:190} WARNING - /home/***/.local/lib/python3.12/site-packages/***/task/task_runner/standard_task_runner.py:70 DeprecationWarning: This process (pid=255) is multi-threaded, use of fork() may lead to deadlocks in the child.
[2025-04-06T19:01:20.103+0000] {standard_task_runner.py:72} INFO - Started process 336 to run task
[2025-04-06T19:01:20.702+0000] {task_command.py:467} INFO - Running <TaskInstance: weather_api_dag.get_weather_data scheduled__2025-04-06T18:00:00+00:00 [running]> on host ab13fcc6a433
[2025-04-06T19:01:22.319+0000] {taskinstance.py:3132} INFO - Exporting env vars: AIRFLOW_CTX_DAG_OWNER='***' AIRFLOW_CTX_DAG_ID='weather_api_dag' AIRFLOW_CTX_TASK_ID='get_weather_data' AIRFLOW_CTX_EXECUTION_DATE='2025-04-06T18:00:00+00:00' AIRFLOW_CTX_TRY_NUMBER='1' AIRFLOW_CTX_DAG_RUN_ID='scheduled__2025-04-06T18:00:00+00:00'
[2025-04-06T19:01:22.337+0000] {logging_mixin.py:190} INFO - Task instance is in running state
[2025-04-06T19:01:22.344+0000] {logging_mixin.py:190} INFO -  Previous state of the Task instance: queued
[2025-04-06T19:01:22.345+0000] {logging_mixin.py:190} INFO - Current task name:get_weather_data state:running start_date:2025-04-06 19:01:19.570154+00:00
[2025-04-06T19:01:22.348+0000] {logging_mixin.py:190} INFO - Dag name:weather_api_dag and current dag run status:running
[2025-04-06T19:01:22.351+0000] {taskinstance.py:731} INFO - ::endgroup::
[2025-04-06T19:01:22.540+0000] {logging_mixin.py:190} INFO - https://api.openweathermap.org/data/2.5/weather?q=bangkok&appid=a721af6b5545eb25497f1edd07d1ee0c&units=metric
[2025-04-06T19:01:22.553+0000] {logging_mixin.py:190} INFO - {'coord': {'lon': 100.5167, 'lat': 13.75}, 'weather': [{'id': 800, 'main': 'Clear', 'description': 'clear sky', 'icon': '01n'}], 'base': 'stations', 'main': {'temp': 28.94, 'feels_like': 33.75, 'temp_min': 28.84, 'temp_max': 28.94, 'pressure': 1010, 'humidity': 76, 'sea_level': 1010, 'grnd_level': 1009}, 'visibility': 10000, 'wind': {'speed': 4.3, 'deg': 186, 'gust': 6.15}, 'clouds': {'all': 6}, 'dt': 1743965322, 'sys': {'type': 1, 'id': 9235, 'country': 'TH', 'sunrise': 1743980987, 'sunset': 1744025402}, 'timezone': 25200, 'id': 1609350, 'name': 'Bangkok', 'cod': 200}
[2025-04-06T19:01:22.562+0000] {python.py:240} INFO - Done. Returned value was: None
[2025-04-06T19:01:22.645+0000] {taskinstance.py:340} INFO - ::group::Post task execution logs
[2025-04-06T19:01:22.655+0000] {taskinstance.py:352} INFO - Marking task as SUCCESS. dag_id=weather_api_dag, task_id=get_weather_data, run_id=scheduled__2025-04-06T18:00:00+00:00, execution_date=20250406T180000, start_date=20250406T190119, end_date=20250406T190122
[2025-04-06T19:01:22.710+0000] {logging_mixin.py:190} INFO - Task instance in success state
[2025-04-06T19:01:22.710+0000] {logging_mixin.py:190} INFO -  Previous state of the Task instance: running
[2025-04-06T19:01:22.715+0000] {logging_mixin.py:190} INFO - Dag name:weather_api_dag queued_at:2025-04-06 19:01:06.041056+00:00
[2025-04-06T19:01:22.722+0000] {logging_mixin.py:190} INFO - Task hostname:ab13fcc6a433 operator:PythonOperator
[2025-04-06T19:01:22.840+0000] {local_task_job_runner.py:266} INFO - Task exited with return code 0
[2025-04-06T19:01:23.048+0000] {taskinstance.py:3895} INFO - 1 downstream tasks scheduled from follow-on schedule check
[2025-04-06T19:01:23.076+0000] {local_task_job_runner.py:245} INFO - ::endgroup::
