[2025-04-06T07:27:02.341+0000] {local_task_job_runner.py:123} INFO - ::group::Pre task execution logs
[2025-04-06T07:27:02.374+0000] {taskinstance.py:2613} INFO - Dependencies all met for dep_context=non-requeueable deps ti=<TaskInstance: weather_api_dag.get_weather_data scheduled__2025-02-24T18:00:00+00:00 [queued]>
[2025-04-06T07:27:02.383+0000] {taskinstance.py:2613} INFO - Dependencies all met for dep_context=requeueable deps ti=<TaskInstance: weather_api_dag.get_weather_data scheduled__2025-02-24T18:00:00+00:00 [queued]>
[2025-04-06T07:27:02.383+0000] {taskinstance.py:2866} INFO - Starting attempt 1 of 1
[2025-04-06T07:27:02.399+0000] {taskinstance.py:2889} INFO - Executing <Task(PythonOperator): get_weather_data> on 2025-02-24 18:00:00+00:00
[2025-04-06T07:27:02.424+0000] {logging_mixin.py:190} WARNING - /home/***/.local/lib/python3.12/site-packages/***/task/task_runner/standard_task_runner.py:70 DeprecationWarning: This process (pid=76511) is multi-threaded, use of fork() may lead to deadlocks in the child.
[2025-04-06T07:27:02.426+0000] {standard_task_runner.py:72} INFO - Started process 76524 to run task
[2025-04-06T07:27:02.422+0000] {standard_task_runner.py:104} INFO - Running: ['***', 'tasks', 'run', 'weather_api_dag', 'get_weather_data', 'scheduled__2025-02-24T18:00:00+00:00', '--job-id', '370', '--raw', '--subdir', 'DAGS_FOLDER/weatherAPIDAG.py', '--cfg-path', '/tmp/tmpb3ze_95v']
[2025-04-06T07:27:02.428+0000] {standard_task_runner.py:105} INFO - Job 370: Subtask get_weather_data
[2025-04-06T07:27:02.546+0000] {task_command.py:467} INFO - Running <TaskInstance: weather_api_dag.get_weather_data scheduled__2025-02-24T18:00:00+00:00 [running]> on host ab13fcc6a433
[2025-04-06T07:27:02.867+0000] {taskinstance.py:3132} INFO - Exporting env vars: AIRFLOW_CTX_DAG_OWNER='***' AIRFLOW_CTX_DAG_ID='weather_api_dag' AIRFLOW_CTX_TASK_ID='get_weather_data' AIRFLOW_CTX_EXECUTION_DATE='2025-02-24T18:00:00+00:00' AIRFLOW_CTX_TRY_NUMBER='1' AIRFLOW_CTX_DAG_RUN_ID='scheduled__2025-02-24T18:00:00+00:00'
[2025-04-06T07:27:02.876+0000] {logging_mixin.py:190} INFO - Task instance is in running state
[2025-04-06T07:27:02.879+0000] {logging_mixin.py:190} INFO -  Previous state of the Task instance: queued
[2025-04-06T07:27:02.881+0000] {logging_mixin.py:190} INFO - Current task name:get_weather_data state:running start_date:2025-04-06 07:27:02.375109+00:00
[2025-04-06T07:27:02.883+0000] {logging_mixin.py:190} INFO - Dag name:weather_api_dag and current dag run status:running
[2025-04-06T07:27:02.884+0000] {taskinstance.py:731} INFO - ::endgroup::
[2025-04-06T07:27:02.955+0000] {logging_mixin.py:190} INFO - https://api.openweathermap.org/data/2.5/weather?q=bangkok&appid=a721af6b5545eb25497f1edd07d1ee0c&units=metric
[2025-04-06T07:27:02.960+0000] {logging_mixin.py:190} INFO - {'coord': {'lon': 100.5167, 'lat': 13.75}, 'weather': [{'id': 800, 'main': 'Clear', 'description': 'clear sky', 'icon': '01d'}], 'base': 'stations', 'main': {'temp': 36.18, 'feels_like': 42.7, 'temp_min': 34.94, 'temp_max': 37.19, 'pressure': 1009, 'humidity': 48, 'sea_level': 1009, 'grnd_level': 1008}, 'visibility': 10000, 'wind': {'speed': 5.34, 'deg': 176, 'gust': 5.57}, 'clouds': {'all': 0}, 'dt': 1743923999, 'sys': {'type': 2, 'id': 2093772, 'country': 'TH', 'sunrise': 1743894627, 'sunset': 1743938997}, 'timezone': 25200, 'id': 1609350, 'name': 'Bangkok', 'cod': 200}
[2025-04-06T07:27:02.966+0000] {python.py:240} INFO - Done. Returned value was: None
[2025-04-06T07:27:03.013+0000] {taskinstance.py:340} INFO - ::group::Post task execution logs
[2025-04-06T07:27:03.013+0000] {taskinstance.py:352} INFO - Marking task as SUCCESS. dag_id=weather_api_dag, task_id=get_weather_data, run_id=scheduled__2025-02-24T18:00:00+00:00, execution_date=20250224T180000, start_date=20250406T072702, end_date=20250406T072703
[2025-04-06T07:27:03.066+0000] {logging_mixin.py:190} INFO - Task instance in success state
[2025-04-06T07:27:03.066+0000] {logging_mixin.py:190} INFO -  Previous state of the Task instance: running
[2025-04-06T07:27:03.066+0000] {logging_mixin.py:190} INFO - Dag name:weather_api_dag queued_at:2025-04-06 07:27:00.807413+00:00
[2025-04-06T07:27:03.067+0000] {logging_mixin.py:190} INFO - Task hostname:ab13fcc6a433 operator:PythonOperator
[2025-04-06T07:27:03.148+0000] {local_task_job_runner.py:266} INFO - Task exited with return code 0
[2025-04-06T07:27:03.174+0000] {local_task_job_runner.py:245} INFO - ::endgroup::
