[2025-04-06T08:05:00.439+0000] {local_task_job_runner.py:123} INFO - ::group::Pre task execution logs
[2025-04-06T08:05:00.464+0000] {taskinstance.py:2613} INFO - Dependencies all met for dep_context=non-requeueable deps ti=<TaskInstance: play_with_airflow_connections_and_hooks.get_data scheduled__2025-04-05T00:00:00+00:00 [queued]>
[2025-04-06T08:05:00.473+0000] {taskinstance.py:2613} INFO - Dependencies all met for dep_context=requeueable deps ti=<TaskInstance: play_with_airflow_connections_and_hooks.get_data scheduled__2025-04-05T00:00:00+00:00 [queued]>
[2025-04-06T08:05:00.473+0000] {taskinstance.py:2866} INFO - Starting attempt 2 of 2
[2025-04-06T08:05:00.492+0000] {taskinstance.py:2889} INFO - Executing <Task(PythonOperator): get_data> on 2025-04-05 00:00:00+00:00
[2025-04-06T08:05:00.513+0000] {logging_mixin.py:190} WARNING - /home/***/.local/lib/python3.12/site-packages/***/task/task_runner/standard_task_runner.py:70 DeprecationWarning: This process (pid=99597) is multi-threaded, use of fork() may lead to deadlocks in the child.
[2025-04-06T08:05:00.515+0000] {standard_task_runner.py:72} INFO - Started process 99604 to run task
[2025-04-06T08:05:00.512+0000] {standard_task_runner.py:104} INFO - Running: ['***', 'tasks', 'run', 'play_with_***_connections_and_hooks', 'get_data', 'scheduled__2025-04-05T00:00:00+00:00', '--job-id', '696', '--raw', '--subdir', 'DAGS_FOLDER/play_with_***_connections_and_hooks.py', '--cfg-path', '/tmp/tmpe_t7rs67']
[2025-04-06T08:05:00.515+0000] {standard_task_runner.py:105} INFO - Job 696: Subtask get_data
[2025-04-06T08:05:00.590+0000] {task_command.py:467} INFO - Running <TaskInstance: play_with_airflow_connections_and_hooks.get_data scheduled__2025-04-05T00:00:00+00:00 [running]> on host ab13fcc6a433
[2025-04-06T08:05:00.740+0000] {taskinstance.py:3132} INFO - Exporting env vars: AIRFLOW_CTX_DAG_OWNER='***' AIRFLOW_CTX_DAG_ID='play_with_***_connections_and_hooks' AIRFLOW_CTX_TASK_ID='get_data' AIRFLOW_CTX_EXECUTION_DATE='2025-04-05T00:00:00+00:00' AIRFLOW_CTX_TRY_NUMBER='2' AIRFLOW_CTX_DAG_RUN_ID='scheduled__2025-04-05T00:00:00+00:00'
[2025-04-06T08:05:00.741+0000] {logging_mixin.py:190} INFO - Task instance is in running state
[2025-04-06T08:05:00.742+0000] {logging_mixin.py:190} INFO -  Previous state of the Task instance: queued
[2025-04-06T08:05:00.742+0000] {logging_mixin.py:190} INFO - Current task name:get_data state:running start_date:2025-04-06 08:05:00.464874+00:00
[2025-04-06T08:05:00.742+0000] {logging_mixin.py:190} INFO - Dag name:play_with_***_connections_and_hooks and current dag run status:running
[2025-04-06T08:05:00.742+0000] {taskinstance.py:731} INFO - ::endgroup::
[2025-04-06T08:05:00.749+0000] {base.py:84} INFO - Retrieving connection 'my_postgres_conn'
[2025-04-06T08:05:00.769+0000] {logging_mixin.py:190} INFO - ('***', 'public', 'log', 'BASE TABLE', None, None, None, None, None, 'YES', 'NO', None)
[2025-04-06T08:05:00.769+0000] {logging_mixin.py:190} INFO - ('***', 'public', 'dag_priority_parsing_request', 'BASE TABLE', None, None, None, None, None, 'YES', 'NO', None)
[2025-04-06T08:05:00.770+0000] {logging_mixin.py:190} INFO - ('***', 'public', 'job', 'BASE TABLE', None, None, None, None, None, 'YES', 'NO', None)
[2025-04-06T08:05:00.770+0000] {logging_mixin.py:190} INFO - ('***', 'pg_catalog', 'pg_statistic', 'BASE TABLE', None, None, None, None, None, 'YES', 'NO', None)
[2025-04-06T08:05:00.770+0000] {logging_mixin.py:190} INFO - ('***', 'pg_catalog', 'pg_type', 'BASE TABLE', None, None, None, None, None, 'YES', 'NO', None)
[2025-04-06T08:05:00.770+0000] {logging_mixin.py:190} INFO - ('***', 'public', 'slot_pool', 'BASE TABLE', None, None, None, None, None, 'YES', 'NO', None)
[2025-04-06T08:05:00.770+0000] {logging_mixin.py:190} INFO - ('***', 'public', 'callback_request', 'BASE TABLE', None, None, None, None, None, 'YES', 'NO', None)
[2025-04-06T08:05:00.771+0000] {logging_mixin.py:190} INFO - ('***', 'pg_catalog', 'pg_foreign_table', 'BASE TABLE', None, None, None, None, None, 'YES', 'NO', None)
[2025-04-06T08:05:00.771+0000] {logging_mixin.py:190} INFO - ('***', 'pg_catalog', 'pg_authid', 'BASE TABLE', None, None, None, None, None, 'YES', 'NO', None)
[2025-04-06T08:05:00.771+0000] {logging_mixin.py:190} INFO - ('***', 'pg_catalog', 'pg_shadow', 'VIEW', None, None, None, None, None, 'NO', 'NO', None)
[2025-04-06T08:05:00.771+0000] {logging_mixin.py:190} INFO - ('***', 'public', 'dag_code', 'BASE TABLE', None, None, None, None, None, 'YES', 'NO', None)
[2025-04-06T08:05:00.771+0000] {logging_mixin.py:190} INFO - ('***', 'public', 'dag_pickle', 'BASE TABLE', None, None, None, None, None, 'YES', 'NO', None)
[2025-04-06T08:05:00.771+0000] {logging_mixin.py:190} INFO - ('***', 'pg_catalog', 'pg_statistic_ext_data', 'BASE TABLE', None, None, None, None, None, 'YES', 'NO', None)
[2025-04-06T08:05:00.772+0000] {logging_mixin.py:190} INFO - ('***', 'pg_catalog', 'pg_roles', 'VIEW', None, None, None, None, None, 'NO', 'NO', None)
[2025-04-06T08:05:00.772+0000] {logging_mixin.py:190} INFO - ('***', 'pg_catalog', 'pg_settings', 'VIEW', None, None, None, None, None, 'NO', 'NO', None)
[2025-04-06T08:05:00.772+0000] {logging_mixin.py:190} INFO - ('***', 'pg_catalog', 'pg_file_settings', 'VIEW', None, None, None, None, None, 'NO', 'NO', None)
[2025-04-06T08:05:00.772+0000] {logging_mixin.py:190} INFO - ('***', 'pg_catalog', 'pg_hba_file_rules', 'VIEW', None, None, None, None, None, 'NO', 'NO', None)
[2025-04-06T08:05:00.772+0000] {logging_mixin.py:190} INFO - ('***', 'pg_catalog', 'pg_config', 'VIEW', None, None, None, None, None, 'NO', 'NO', None)
[2025-04-06T08:05:00.773+0000] {logging_mixin.py:190} INFO - ('***', 'pg_catalog', 'pg_shmem_allocations', 'VIEW', None, None, None, None, None, 'NO', 'NO', None)
[2025-04-06T08:05:00.773+0000] {logging_mixin.py:190} INFO - ('***', 'public', 'ab_user', 'BASE TABLE', None, None, None, None, None, 'YES', 'NO', None)
[2025-04-06T08:05:00.773+0000] {logging_mixin.py:190} INFO - ('***', 'public', 'ab_register_user', 'BASE TABLE', None, None, None, None, None, 'YES', 'NO', None)
[2025-04-06T08:05:00.773+0000] {logging_mixin.py:190} INFO - ('***', 'pg_catalog', 'pg_prepared_statements', 'VIEW', None, None, None, None, None, 'NO', 'NO', None)
[2025-04-06T08:05:00.773+0000] {logging_mixin.py:190} INFO - ('***', 'pg_catalog', 'pg_largeobject', 'BASE TABLE', None, None, None, None, None, 'YES', 'NO', None)
[2025-04-06T08:05:00.773+0000] {logging_mixin.py:190} INFO - ('***', 'public', 'connection', 'BASE TABLE', None, None, None, None, None, 'YES', 'NO', None)
[2025-04-06T08:05:00.774+0000] {logging_mixin.py:190} INFO - ('***', 'pg_catalog', 'pg_user_mapping', 'BASE TABLE', None, None, None, None, None, 'YES', 'NO', None)
[2025-04-06T08:05:00.774+0000] {logging_mixin.py:190} INFO - ('***', 'pg_catalog', 'pg_stat_progress_vacuum', 'VIEW', None, None, None, None, None, 'NO', 'NO', None)
[2025-04-06T08:05:00.774+0000] {logging_mixin.py:190} INFO - ('***', 'pg_catalog', 'pg_replication_origin_status', 'VIEW', None, None, None, None, None, 'NO', 'NO', None)
[2025-04-06T08:05:00.774+0000] {logging_mixin.py:190} INFO - ('***', 'pg_catalog', 'pg_subscription', 'BASE TABLE', None, None, None, None, None, 'YES', 'NO', None)
[2025-04-06T08:05:00.774+0000] {logging_mixin.py:190} INFO - ('***', 'pg_catalog', 'pg_attribute', 'BASE TABLE', None, None, None, None, None, 'YES', 'NO', None)
[2025-04-06T08:05:00.774+0000] {logging_mixin.py:190} INFO - ('***', 'pg_catalog', 'pg_proc', 'BASE TABLE', None, None, None, None, None, 'YES', 'NO', None)
[2025-04-06T08:05:00.775+0000] {logging_mixin.py:190} INFO - ('***', 'pg_catalog', 'pg_class', 'BASE TABLE', None, None, None, None, None, 'YES', 'NO', None)
[2025-04-06T08:05:00.775+0000] {logging_mixin.py:190} INFO - ('***', 'pg_catalog', 'pg_attrdef', 'BASE TABLE', None, None, None, None, None, 'YES', 'NO', None)
[2025-04-06T08:05:00.775+0000] {logging_mixin.py:190} INFO - ('***', 'pg_catalog', 'pg_constraint', 'BASE TABLE', None, None, None, None, None, 'YES', 'NO', None)
[2025-04-06T08:05:00.775+0000] {logging_mixin.py:190} INFO - ('***', 'pg_catalog', 'pg_inherits', 'BASE TABLE', None, None, None, None, None, 'YES', 'NO', None)
[2025-04-06T08:05:00.775+0000] {logging_mixin.py:190} INFO - ('***', 'pg_catalog', 'pg_index', 'BASE TABLE', None, None, None, None, None, 'YES', 'NO', None)
[2025-04-06T08:05:00.776+0000] {logging_mixin.py:190} INFO - ('***', 'pg_catalog', 'pg_operator', 'BASE TABLE', None, None, None, None, None, 'YES', 'NO', None)
[2025-04-06T08:05:00.776+0000] {logging_mixin.py:190} INFO - ('***', 'pg_catalog', 'pg_opfamily', 'BASE TABLE', None, None, None, None, None, 'YES', 'NO', None)
[2025-04-06T08:05:00.776+0000] {logging_mixin.py:190} INFO - ('***', 'pg_catalog', 'pg_opclass', 'BASE TABLE', None, None, None, None, None, 'YES', 'NO', None)
[2025-04-06T08:05:00.776+0000] {logging_mixin.py:190} INFO - ('***', 'pg_catalog', 'pg_am', 'BASE TABLE', None, None, None, None, None, 'YES', 'NO', None)
[2025-04-06T08:05:00.776+0000] {logging_mixin.py:190} INFO - ('***', 'pg_catalog', 'pg_amop', 'BASE TABLE', None, None, None, None, None, 'YES', 'NO', None)
[2025-04-06T08:05:00.776+0000] {logging_mixin.py:190} INFO - ('***', 'pg_catalog', 'pg_amproc', 'BASE TABLE', None, None, None, None, None, 'YES', 'NO', None)
[2025-04-06T08:05:00.777+0000] {logging_mixin.py:190} INFO - ('***', 'pg_catalog', 'pg_language', 'BASE TABLE', None, None, None, None, None, 'YES', 'NO', None)
[2025-04-06T08:05:00.777+0000] {logging_mixin.py:190} INFO - ('***', 'pg_catalog', 'pg_largeobject_metadata', 'BASE TABLE', None, None, None, None, None, 'YES', 'NO', None)
[2025-04-06T08:05:00.777+0000] {logging_mixin.py:190} INFO - ('***', 'pg_catalog', 'pg_aggregate', 'BASE TABLE', None, None, None, None, None, 'YES', 'NO', None)
[2025-04-06T08:05:00.777+0000] {logging_mixin.py:190} INFO - ('***', 'pg_catalog', 'pg_statistic_ext', 'BASE TABLE', None, None, None, None, None, 'YES', 'NO', None)
[2025-04-06T08:05:00.777+0000] {logging_mixin.py:190} INFO - ('***', 'pg_catalog', 'pg_rewrite', 'BASE TABLE', None, None, None, None, None, 'YES', 'NO', None)
[2025-04-06T08:05:00.778+0000] {logging_mixin.py:190} INFO - ('***', 'pg_catalog', 'pg_trigger', 'BASE TABLE', None, None, None, None, None, 'YES', 'NO', None)
[2025-04-06T08:05:00.778+0000] {logging_mixin.py:190} INFO - ('***', 'pg_catalog', 'pg_event_trigger', 'BASE TABLE', None, None, None, None, None, 'YES', 'NO', None)
[2025-04-06T08:05:00.778+0000] {logging_mixin.py:190} INFO - ('***', 'pg_catalog', 'pg_description', 'BASE TABLE', None, None, None, None, None, 'YES', 'NO', None)
[2025-04-06T08:05:00.778+0000] {logging_mixin.py:190} INFO - ('***', 'pg_catalog', 'pg_cast', 'BASE TABLE', None, None, None, None, None, 'YES', 'NO', None)
[2025-04-06T08:05:00.778+0000] {logging_mixin.py:190} INFO - ('***', 'pg_catalog', 'pg_stat_progress_cluster', 'VIEW', None, None, None, None, None, 'NO', 'NO', None)
[2025-04-06T08:05:00.778+0000] {logging_mixin.py:190} INFO - ('***', 'pg_catalog', 'pg_stat_progress_create_index', 'VIEW', None, None, None, None, None, 'NO', 'NO', None)
[2025-04-06T08:05:00.779+0000] {logging_mixin.py:190} INFO - ('***', 'pg_catalog', 'pg_stat_progress_basebackup', 'VIEW', None, None, None, None, None, 'NO', 'NO', None)
[2025-04-06T08:05:00.779+0000] {logging_mixin.py:190} INFO - ('***', 'pg_catalog', 'pg_user_mappings', 'VIEW', None, None, None, None, None, 'NO', 'NO', None)
[2025-04-06T08:05:00.779+0000] {logging_mixin.py:190} INFO - ('***', 'pg_catalog', 'pg_enum', 'BASE TABLE', None, None, None, None, None, 'YES', 'NO', None)
[2025-04-06T08:05:00.779+0000] {logging_mixin.py:190} INFO - ('***', 'pg_catalog', 'pg_namespace', 'BASE TABLE', None, None, None, None, None, 'YES', 'NO', None)
[2025-04-06T08:05:00.779+0000] {logging_mixin.py:190} INFO - ('***', 'pg_catalog', 'pg_conversion', 'BASE TABLE', None, None, None, None, None, 'YES', 'NO', None)
[2025-04-06T08:05:00.779+0000] {logging_mixin.py:190} INFO - ('***', 'pg_catalog', 'pg_depend', 'BASE TABLE', None, None, None, None, None, 'YES', 'NO', None)
[2025-04-06T08:05:00.780+0000] {logging_mixin.py:190} INFO - ('***', 'pg_catalog', 'pg_database', 'BASE TABLE', None, None, None, None, None, 'YES', 'NO', None)
[2025-04-06T08:05:00.780+0000] {logging_mixin.py:190} INFO - ('***', 'pg_catalog', 'pg_db_role_setting', 'BASE TABLE', None, None, None, None, None, 'YES', 'NO', None)
[2025-04-06T08:05:00.780+0000] {logging_mixin.py:190} INFO - ('***', 'pg_catalog', 'pg_tablespace', 'BASE TABLE', None, None, None, None, None, 'YES', 'NO', None)
[2025-04-06T08:05:00.780+0000] {logging_mixin.py:190} INFO - ('***', 'pg_catalog', 'pg_auth_members', 'BASE TABLE', None, None, None, None, None, 'YES', 'NO', None)
[2025-04-06T08:05:00.780+0000] {logging_mixin.py:190} INFO - ('***', 'pg_catalog', 'pg_shdepend', 'BASE TABLE', None, None, None, None, None, 'YES', 'NO', None)
[2025-04-06T08:05:00.780+0000] {logging_mixin.py:190} INFO - ('***', 'pg_catalog', 'pg_shdescription', 'BASE TABLE', None, None, None, None, None, 'YES', 'NO', None)
[2025-04-06T08:05:00.781+0000] {logging_mixin.py:190} INFO - ('***', 'pg_catalog', 'pg_ts_config', 'BASE TABLE', None, None, None, None, None, 'YES', 'NO', None)
[2025-04-06T08:05:00.781+0000] {logging_mixin.py:190} INFO - ('***', 'pg_catalog', 'pg_ts_config_map', 'BASE TABLE', None, None, None, None, None, 'YES', 'NO', None)
[2025-04-06T08:05:00.781+0000] {logging_mixin.py:190} INFO - ('***', 'pg_catalog', 'pg_ts_dict', 'BASE TABLE', None, None, None, None, None, 'YES', 'NO', None)
[2025-04-06T08:05:00.781+0000] {logging_mixin.py:190} INFO - ('***', 'pg_catalog', 'pg_ts_parser', 'BASE TABLE', None, None, None, None, None, 'YES', 'NO', None)
[2025-04-06T08:05:00.781+0000] {logging_mixin.py:190} INFO - ('***', 'pg_catalog', 'pg_ts_template', 'BASE TABLE', None, None, None, None, None, 'YES', 'NO', None)
[2025-04-06T08:05:00.781+0000] {logging_mixin.py:190} INFO - ('***', 'pg_catalog', 'pg_extension', 'BASE TABLE', None, None, None, None, None, 'YES', 'NO', None)
[2025-04-06T08:05:00.782+0000] {logging_mixin.py:190} INFO - ('***', 'pg_catalog', 'pg_foreign_data_wrapper', 'BASE TABLE', None, None, None, None, None, 'YES', 'NO', None)
[2025-04-06T08:05:00.782+0000] {logging_mixin.py:190} INFO - ('***', 'pg_catalog', 'pg_foreign_server', 'BASE TABLE', None, None, None, None, None, 'YES', 'NO', None)
[2025-04-06T08:05:00.782+0000] {logging_mixin.py:190} INFO - ('***', 'pg_catalog', 'pg_policy', 'BASE TABLE', None, None, None, None, None, 'YES', 'NO', None)
[2025-04-06T08:05:00.782+0000] {logging_mixin.py:190} INFO - ('***', 'pg_catalog', 'pg_replication_origin', 'BASE TABLE', None, None, None, None, None, 'YES', 'NO', None)
[2025-04-06T08:05:00.782+0000] {logging_mixin.py:190} INFO - ('***', 'pg_catalog', 'pg_default_acl', 'BASE TABLE', None, None, None, None, None, 'YES', 'NO', None)
[2025-04-06T08:05:00.783+0000] {logging_mixin.py:190} INFO - ('***', 'pg_catalog', 'pg_init_privs', 'BASE TABLE', None, None, None, None, None, 'YES', 'NO', None)
[2025-04-06T08:05:00.783+0000] {logging_mixin.py:190} INFO - ('***', 'pg_catalog', 'pg_seclabel', 'BASE TABLE', None, None, None, None, None, 'YES', 'NO', None)
[2025-04-06T08:05:00.783+0000] {logging_mixin.py:190} INFO - ('***', 'pg_catalog', 'pg_shseclabel', 'BASE TABLE', None, None, None, None, None, 'YES', 'NO', None)
[2025-04-06T08:05:00.783+0000] {logging_mixin.py:190} INFO - ('***', 'pg_catalog', 'pg_collation', 'BASE TABLE', None, None, None, None, None, 'YES', 'NO', None)
[2025-04-06T08:05:00.783+0000] {logging_mixin.py:190} INFO - ('***', 'pg_catalog', 'pg_partitioned_table', 'BASE TABLE', None, None, None, None, None, 'YES', 'NO', None)
[2025-04-06T08:05:00.783+0000] {logging_mixin.py:190} INFO - ('***', 'pg_catalog', 'pg_range', 'BASE TABLE', None, None, None, None, None, 'YES', 'NO', None)
[2025-04-06T08:05:00.784+0000] {logging_mixin.py:190} INFO - ('***', 'pg_catalog', 'pg_transform', 'BASE TABLE', None, None, None, None, None, 'YES', 'NO', None)
[2025-04-06T08:05:00.784+0000] {logging_mixin.py:190} INFO - ('***', 'pg_catalog', 'pg_sequence', 'BASE TABLE', None, None, None, None, None, 'YES', 'NO', None)
[2025-04-06T08:05:00.784+0000] {logging_mixin.py:190} INFO - ('***', 'pg_catalog', 'pg_publication', 'BASE TABLE', None, None, None, None, None, 'YES', 'NO', None)
[2025-04-06T08:05:00.784+0000] {logging_mixin.py:190} INFO - ('***', 'pg_catalog', 'pg_publication_rel', 'BASE TABLE', None, None, None, None, None, 'YES', 'NO', None)
[2025-04-06T08:05:00.784+0000] {logging_mixin.py:190} INFO - ('***', 'pg_catalog', 'pg_subscription_rel', 'BASE TABLE', None, None, None, None, None, 'YES', 'NO', None)
[2025-04-06T08:05:00.784+0000] {logging_mixin.py:190} INFO - ('***', 'pg_catalog', 'pg_group', 'VIEW', None, None, None, None, None, 'YES', 'NO', None)
[2025-04-06T08:05:00.785+0000] {logging_mixin.py:190} INFO - ('***', 'pg_catalog', 'pg_user', 'VIEW', None, None, None, None, None, 'NO', 'NO', None)
[2025-04-06T08:05:00.785+0000] {logging_mixin.py:190} INFO - ('***', 'pg_catalog', 'pg_policies', 'VIEW', None, None, None, None, None, 'NO', 'NO', None)
[2025-04-06T08:05:00.785+0000] {logging_mixin.py:190} INFO - ('***', 'pg_catalog', 'pg_rules', 'VIEW', None, None, None, None, None, 'NO', 'NO', None)
[2025-04-06T08:05:00.785+0000] {logging_mixin.py:190} INFO - ('***', 'pg_catalog', 'pg_views', 'VIEW', None, None, None, None, None, 'NO', 'NO', None)
[2025-04-06T08:05:00.785+0000] {logging_mixin.py:190} INFO - ('***', 'pg_catalog', 'pg_tables', 'VIEW', None, None, None, None, None, 'NO', 'NO', None)
[2025-04-06T08:05:00.785+0000] {logging_mixin.py:190} INFO - ('***', 'pg_catalog', 'pg_matviews', 'VIEW', None, None, None, None, None, 'NO', 'NO', None)
[2025-04-06T08:05:00.786+0000] {logging_mixin.py:190} INFO - ('***', 'pg_catalog', 'pg_indexes', 'VIEW', None, None, None, None, None, 'NO', 'NO', None)
[2025-04-06T08:05:00.786+0000] {logging_mixin.py:190} INFO - ('***', 'pg_catalog', 'pg_sequences', 'VIEW', None, None, None, None, None, 'NO', 'NO', None)
[2025-04-06T08:05:00.786+0000] {logging_mixin.py:190} INFO - ('***', 'pg_catalog', 'pg_stats', 'VIEW', None, None, None, None, None, 'NO', 'NO', None)
[2025-04-06T08:05:00.786+0000] {logging_mixin.py:190} INFO - ('***', 'pg_catalog', 'pg_stats_ext', 'VIEW', None, None, None, None, None, 'NO', 'NO', None)
[2025-04-06T08:05:00.786+0000] {logging_mixin.py:190} INFO - ('***', 'pg_catalog', 'pg_publication_tables', 'VIEW', None, None, None, None, None, 'NO', 'NO', None)
[2025-04-06T08:05:00.786+0000] {logging_mixin.py:190} INFO - ('***', 'pg_catalog', 'pg_locks', 'VIEW', None, None, None, None, None, 'NO', 'NO', None)
[2025-04-06T08:05:00.787+0000] {logging_mixin.py:190} INFO - ('***', 'pg_catalog', 'pg_cursors', 'VIEW', None, None, None, None, None, 'NO', 'NO', None)
[2025-04-06T08:05:00.787+0000] {logging_mixin.py:190} INFO - ('***', 'pg_catalog', 'pg_available_extensions', 'VIEW', None, None, None, None, None, 'NO', 'NO', None)
[2025-04-06T08:05:00.787+0000] {logging_mixin.py:190} INFO - ('***', 'pg_catalog', 'pg_available_extension_versions', 'VIEW', None, None, None, None, None, 'NO', 'NO', None)
[2025-04-06T08:05:00.787+0000] {logging_mixin.py:190} INFO - ('***', 'pg_catalog', 'pg_prepared_xacts', 'VIEW', None, None, None, None, None, 'NO', 'NO', None)
[2025-04-06T08:05:00.787+0000] {logging_mixin.py:190} INFO - ('***', 'pg_catalog', 'pg_seclabels', 'VIEW', None, None, None, None, None, 'NO', 'NO', None)
[2025-04-06T08:05:00.787+0000] {logging_mixin.py:190} INFO - ('***', 'pg_catalog', 'pg_statio_user_tables', 'VIEW', None, None, None, None, None, 'NO', 'NO', None)
[2025-04-06T08:05:00.788+0000] {logging_mixin.py:190} INFO - ('***', 'pg_catalog', 'pg_stat_all_indexes', 'VIEW', None, None, None, None, None, 'NO', 'NO', None)
[2025-04-06T08:05:00.788+0000] {logging_mixin.py:190} INFO - ('***', 'pg_catalog', 'pg_timezone_abbrevs', 'VIEW', None, None, None, None, None, 'NO', 'NO', None)
[2025-04-06T08:05:00.788+0000] {logging_mixin.py:190} INFO - ('***', 'pg_catalog', 'pg_timezone_names', 'VIEW', None, None, None, None, None, 'NO', 'NO', None)
[2025-04-06T08:05:00.788+0000] {logging_mixin.py:190} INFO - ('***', 'pg_catalog', 'pg_stat_sys_indexes', 'VIEW', None, None, None, None, None, 'NO', 'NO', None)
[2025-04-06T08:05:00.788+0000] {logging_mixin.py:190} INFO - ('***', 'pg_catalog', 'pg_stat_all_tables', 'VIEW', None, None, None, None, None, 'NO', 'NO', None)
[2025-04-06T08:05:00.788+0000] {logging_mixin.py:190} INFO - ('***', 'pg_catalog', 'pg_stat_xact_all_tables', 'VIEW', None, None, None, None, None, 'NO', 'NO', None)
[2025-04-06T08:05:00.789+0000] {logging_mixin.py:190} INFO - ('***', 'pg_catalog', 'pg_stat_sys_tables', 'VIEW', None, None, None, None, None, 'NO', 'NO', None)
[2025-04-06T08:05:00.789+0000] {logging_mixin.py:190} INFO - ('***', 'pg_catalog', 'pg_stat_xact_sys_tables', 'VIEW', None, None, None, None, None, 'NO', 'NO', None)
[2025-04-06T08:05:00.789+0000] {logging_mixin.py:190} INFO - ('***', 'pg_catalog', 'pg_stat_user_tables', 'VIEW', None, None, None, None, None, 'NO', 'NO', None)
[2025-04-06T08:05:00.789+0000] {logging_mixin.py:190} INFO - ('***', 'pg_catalog', 'pg_stat_xact_user_tables', 'VIEW', None, None, None, None, None, 'NO', 'NO', None)
[2025-04-06T08:05:00.789+0000] {logging_mixin.py:190} INFO - ('***', 'pg_catalog', 'pg_statio_all_tables', 'VIEW', None, None, None, None, None, 'NO', 'NO', None)
[2025-04-06T08:05:00.789+0000] {logging_mixin.py:190} INFO - ('***', 'pg_catalog', 'pg_statio_sys_tables', 'VIEW', None, None, None, None, None, 'NO', 'NO', None)
[2025-04-06T08:05:00.790+0000] {logging_mixin.py:190} INFO - ('***', 'pg_catalog', 'pg_stat_user_indexes', 'VIEW', None, None, None, None, None, 'NO', 'NO', None)
[2025-04-06T08:05:00.790+0000] {logging_mixin.py:190} INFO - ('***', 'pg_catalog', 'pg_statio_all_indexes', 'VIEW', None, None, None, None, None, 'NO', 'NO', None)
[2025-04-06T08:05:00.790+0000] {logging_mixin.py:190} INFO - ('***', 'pg_catalog', 'pg_statio_sys_indexes', 'VIEW', None, None, None, None, None, 'NO', 'NO', None)
[2025-04-06T08:05:00.790+0000] {logging_mixin.py:190} INFO - ('***', 'pg_catalog', 'pg_statio_user_indexes', 'VIEW', None, None, None, None, None, 'NO', 'NO', None)
[2025-04-06T08:05:00.790+0000] {logging_mixin.py:190} INFO - ('***', 'pg_catalog', 'pg_statio_all_sequences', 'VIEW', None, None, None, None, None, 'NO', 'NO', None)
[2025-04-06T08:05:00.790+0000] {logging_mixin.py:190} INFO - ('***', 'pg_catalog', 'pg_statio_sys_sequences', 'VIEW', None, None, None, None, None, 'NO', 'NO', None)
[2025-04-06T08:05:00.791+0000] {logging_mixin.py:190} INFO - ('***', 'pg_catalog', 'pg_statio_user_sequences', 'VIEW', None, None, None, None, None, 'NO', 'NO', None)
[2025-04-06T08:05:00.791+0000] {logging_mixin.py:190} INFO - ('***', 'pg_catalog', 'pg_stat_activity', 'VIEW', None, None, None, None, None, 'NO', 'NO', None)
[2025-04-06T08:05:00.791+0000] {logging_mixin.py:190} INFO - ('***', 'pg_catalog', 'pg_stat_replication', 'VIEW', None, None, None, None, None, 'NO', 'NO', None)
[2025-04-06T08:05:00.791+0000] {logging_mixin.py:190} INFO - ('***', 'pg_catalog', 'pg_stat_slru', 'VIEW', None, None, None, None, None, 'NO', 'NO', None)
[2025-04-06T08:05:00.791+0000] {logging_mixin.py:190} INFO - ('***', 'pg_catalog', 'pg_stat_wal_receiver', 'VIEW', None, None, None, None, None, 'NO', 'NO', None)
[2025-04-06T08:05:00.791+0000] {logging_mixin.py:190} INFO - ('***', 'pg_catalog', 'pg_stat_subscription', 'VIEW', None, None, None, None, None, 'NO', 'NO', None)
[2025-04-06T08:05:00.792+0000] {logging_mixin.py:190} INFO - ('***', 'pg_catalog', 'pg_stat_ssl', 'VIEW', None, None, None, None, None, 'NO', 'NO', None)
[2025-04-06T08:05:00.792+0000] {logging_mixin.py:190} INFO - ('***', 'pg_catalog', 'pg_stat_gssapi', 'VIEW', None, None, None, None, None, 'NO', 'NO', None)
[2025-04-06T08:05:00.792+0000] {logging_mixin.py:190} INFO - ('***', 'pg_catalog', 'pg_replication_slots', 'VIEW', None, None, None, None, None, 'NO', 'NO', None)
[2025-04-06T08:05:00.792+0000] {logging_mixin.py:190} INFO - ('***', 'pg_catalog', 'pg_stat_database', 'VIEW', None, None, None, None, None, 'NO', 'NO', None)
[2025-04-06T08:05:00.792+0000] {logging_mixin.py:190} INFO - ('***', 'pg_catalog', 'pg_stat_database_conflicts', 'VIEW', None, None, None, None, None, 'YES', 'NO', None)
[2025-04-06T08:05:00.792+0000] {logging_mixin.py:190} INFO - ('***', 'pg_catalog', 'pg_stat_user_functions', 'VIEW', None, None, None, None, None, 'NO', 'NO', None)
[2025-04-06T08:05:00.793+0000] {logging_mixin.py:190} INFO - ('***', 'pg_catalog', 'pg_stat_xact_user_functions', 'VIEW', None, None, None, None, None, 'NO', 'NO', None)
[2025-04-06T08:05:00.793+0000] {logging_mixin.py:190} INFO - ('***', 'pg_catalog', 'pg_stat_archiver', 'VIEW', None, None, None, None, None, 'NO', 'NO', None)
[2025-04-06T08:05:00.793+0000] {logging_mixin.py:190} INFO - ('***', 'pg_catalog', 'pg_stat_bgwriter', 'VIEW', None, None, None, None, None, 'NO', 'NO', None)
[2025-04-06T08:05:00.793+0000] {logging_mixin.py:190} INFO - ('***', 'pg_catalog', 'pg_stat_progress_analyze', 'VIEW', None, None, None, None, None, 'NO', 'NO', None)
[2025-04-06T08:05:00.793+0000] {logging_mixin.py:190} INFO - ('***', 'information_schema', 'columns', 'VIEW', None, None, None, None, None, 'NO', 'NO', None)
[2025-04-06T08:05:00.793+0000] {logging_mixin.py:190} INFO - ('***', 'information_schema', 'information_schema_catalog_name', 'VIEW', None, None, None, None, None, 'NO', 'NO', None)
[2025-04-06T08:05:00.794+0000] {logging_mixin.py:190} INFO - ('***', 'information_schema', 'collations', 'VIEW', None, None, None, None, None, 'NO', 'NO', None)
[2025-04-06T08:05:00.794+0000] {logging_mixin.py:190} INFO - ('***', 'information_schema', 'applicable_roles', 'VIEW', None, None, None, None, None, 'NO', 'NO', None)
[2025-04-06T08:05:00.794+0000] {logging_mixin.py:190} INFO - ('***', 'information_schema', 'administrable_role_authorizations', 'VIEW', None, None, None, None, None, 'NO', 'NO', None)
[2025-04-06T08:05:00.794+0000] {logging_mixin.py:190} INFO - ('***', 'information_schema', 'column_privileges', 'VIEW', None, None, None, None, None, 'NO', 'NO', None)
[2025-04-06T08:05:00.794+0000] {logging_mixin.py:190} INFO - ('***', 'information_schema', 'attributes', 'VIEW', None, None, None, None, None, 'NO', 'NO', None)
[2025-04-06T08:05:00.794+0000] {logging_mixin.py:190} INFO - ('***', 'information_schema', 'collation_character_set_applicability', 'VIEW', None, None, None, None, None, 'NO', 'NO', None)
[2025-04-06T08:05:00.795+0000] {logging_mixin.py:190} INFO - ('***', 'information_schema', 'character_sets', 'VIEW', None, None, None, None, None, 'NO', 'NO', None)
[2025-04-06T08:05:00.795+0000] {logging_mixin.py:190} INFO - ('***', 'information_schema', 'check_constraint_routine_usage', 'VIEW', None, None, None, None, None, 'NO', 'NO', None)
[2025-04-06T08:05:00.795+0000] {logging_mixin.py:190} INFO - ('***', 'information_schema', 'check_constraints', 'VIEW', None, None, None, None, None, 'NO', 'NO', None)
[2025-04-06T08:05:00.795+0000] {logging_mixin.py:190} INFO - ('***', 'information_schema', 'column_column_usage', 'VIEW', None, None, None, None, None, 'NO', 'NO', None)
[2025-04-06T08:05:00.795+0000] {logging_mixin.py:190} INFO - ('***', 'information_schema', 'column_domain_usage', 'VIEW', None, None, None, None, None, 'NO', 'NO', None)
[2025-04-06T08:05:00.795+0000] {logging_mixin.py:190} INFO - ('***', 'information_schema', 'column_udt_usage', 'VIEW', None, None, None, None, None, 'NO', 'NO', None)
[2025-04-06T08:05:00.796+0000] {logging_mixin.py:190} INFO - ('***', 'information_schema', 'constraint_column_usage', 'VIEW', None, None, None, None, None, 'NO', 'NO', None)
[2025-04-06T08:05:00.796+0000] {logging_mixin.py:190} INFO - ('***', 'information_schema', 'constraint_table_usage', 'VIEW', None, None, None, None, None, 'NO', 'NO', None)
[2025-04-06T08:05:00.796+0000] {logging_mixin.py:190} INFO - ('***', 'information_schema', 'domain_constraints', 'VIEW', None, None, None, None, None, 'NO', 'NO', None)
[2025-04-06T08:05:00.796+0000] {logging_mixin.py:190} INFO - ('***', 'information_schema', 'domain_udt_usage', 'VIEW', None, None, None, None, None, 'NO', 'NO', None)
[2025-04-06T08:05:00.796+0000] {logging_mixin.py:190} INFO - ('***', 'information_schema', 'domains', 'VIEW', None, None, None, None, None, 'NO', 'NO', None)
[2025-04-06T08:05:00.796+0000] {logging_mixin.py:190} INFO - ('***', 'information_schema', 'enabled_roles', 'VIEW', None, None, None, None, None, 'NO', 'NO', None)
[2025-04-06T08:05:00.797+0000] {logging_mixin.py:190} INFO - ('***', 'information_schema', 'sql_implementation_info', 'BASE TABLE', None, None, None, None, None, 'YES', 'NO', None)
[2025-04-06T08:05:00.797+0000] {logging_mixin.py:190} INFO - ('***', 'information_schema', 'key_column_usage', 'VIEW', None, None, None, None, None, 'NO', 'NO', None)
[2025-04-06T08:05:00.797+0000] {logging_mixin.py:190} INFO - ('***', 'information_schema', 'parameters', 'VIEW', None, None, None, None, None, 'NO', 'NO', None)
[2025-04-06T08:05:00.797+0000] {logging_mixin.py:190} INFO - ('***', 'information_schema', 'referential_constraints', 'VIEW', None, None, None, None, None, 'NO', 'NO', None)
[2025-04-06T08:05:00.797+0000] {logging_mixin.py:190} INFO - ('***', 'information_schema', 'role_column_grants', 'VIEW', None, None, None, None, None, 'NO', 'NO', None)
[2025-04-06T08:05:00.797+0000] {logging_mixin.py:190} INFO - ('***', 'information_schema', 'sql_parts', 'BASE TABLE', None, None, None, None, None, 'YES', 'NO', None)
[2025-04-06T08:05:00.798+0000] {logging_mixin.py:190} INFO - ('***', 'information_schema', 'routine_privileges', 'VIEW', None, None, None, None, None, 'NO', 'NO', None)
[2025-04-06T08:05:00.798+0000] {logging_mixin.py:190} INFO - ('***', 'information_schema', 'role_routine_grants', 'VIEW', None, None, None, None, None, 'NO', 'NO', None)
[2025-04-06T08:05:00.798+0000] {logging_mixin.py:190} INFO - ('***', 'information_schema', 'routines', 'VIEW', None, None, None, None, None, 'NO', 'NO', None)
[2025-04-06T08:05:00.798+0000] {logging_mixin.py:190} INFO - ('***', 'information_schema', 'schemata', 'VIEW', None, None, None, None, None, 'NO', 'NO', None)
[2025-04-06T08:05:00.798+0000] {logging_mixin.py:190} INFO - ('***', 'information_schema', 'tables', 'VIEW', None, None, None, None, None, 'NO', 'NO', None)
[2025-04-06T08:05:00.798+0000] {logging_mixin.py:190} INFO - ('***', 'information_schema', 'sequences', 'VIEW', None, None, None, None, None, 'NO', 'NO', None)
[2025-04-06T08:05:00.799+0000] {logging_mixin.py:190} INFO - ('***', 'information_schema', 'sql_sizing', 'BASE TABLE', None, None, None, None, None, 'YES', 'NO', None)
[2025-04-06T08:05:00.799+0000] {logging_mixin.py:190} INFO - ('***', 'information_schema', 'sql_features', 'BASE TABLE', None, None, None, None, None, 'YES', 'NO', None)
[2025-04-06T08:05:00.799+0000] {logging_mixin.py:190} INFO - ('***', 'information_schema', 'table_constraints', 'VIEW', None, None, None, None, None, 'NO', 'NO', None)
[2025-04-06T08:05:00.799+0000] {logging_mixin.py:190} INFO - ('***', 'information_schema', 'transforms', 'VIEW', None, None, None, None, None, 'NO', 'NO', None)
[2025-04-06T08:05:00.799+0000] {logging_mixin.py:190} INFO - ('***', 'information_schema', 'table_privileges', 'VIEW', None, None, None, None, None, 'NO', 'NO', None)
[2025-04-06T08:05:00.799+0000] {logging_mixin.py:190} INFO - ('***', 'information_schema', 'role_table_grants', 'VIEW', None, None, None, None, None, 'NO', 'NO', None)
[2025-04-06T08:05:00.800+0000] {logging_mixin.py:190} INFO - ('***', 'information_schema', 'udt_privileges', 'VIEW', None, None, None, None, None, 'NO', 'NO', None)
[2025-04-06T08:05:00.800+0000] {logging_mixin.py:190} INFO - ('***', 'information_schema', 'triggered_update_columns', 'VIEW', None, None, None, None, None, 'NO', 'NO', None)
[2025-04-06T08:05:00.800+0000] {logging_mixin.py:190} INFO - ('***', 'information_schema', 'triggers', 'VIEW', None, None, None, None, None, 'NO', 'NO', None)
[2025-04-06T08:05:00.800+0000] {logging_mixin.py:190} INFO - ('***', 'information_schema', 'usage_privileges', 'VIEW', None, None, None, None, None, 'NO', 'NO', None)
[2025-04-06T08:05:00.800+0000] {logging_mixin.py:190} INFO - ('***', 'information_schema', 'role_udt_grants', 'VIEW', None, None, None, None, None, 'NO', 'NO', None)
[2025-04-06T08:05:00.800+0000] {logging_mixin.py:190} INFO - ('***', 'information_schema', 'role_usage_grants', 'VIEW', None, None, None, None, None, 'NO', 'NO', None)
[2025-04-06T08:05:00.800+0000] {logging_mixin.py:190} INFO - ('***', 'information_schema', 'user_defined_types', 'VIEW', None, None, None, None, None, 'NO', 'NO', None)
[2025-04-06T08:05:00.801+0000] {logging_mixin.py:190} INFO - ('***', 'information_schema', 'view_column_usage', 'VIEW', None, None, None, None, None, 'NO', 'NO', None)
[2025-04-06T08:05:00.801+0000] {logging_mixin.py:190} INFO - ('***', 'information_schema', 'view_routine_usage', 'VIEW', None, None, None, None, None, 'NO', 'NO', None)
[2025-04-06T08:05:00.801+0000] {logging_mixin.py:190} INFO - ('***', 'public', 'sla_miss', 'BASE TABLE', None, None, None, None, None, 'YES', 'NO', None)
[2025-04-06T08:05:00.801+0000] {logging_mixin.py:190} INFO - ('***', 'information_schema', 'view_table_usage', 'VIEW', None, None, None, None, None, 'NO', 'NO', None)
[2025-04-06T08:05:00.801+0000] {logging_mixin.py:190} INFO - ('***', 'information_schema', 'foreign_tables', 'VIEW', None, None, None, None, None, 'NO', 'NO', None)
[2025-04-06T08:05:00.801+0000] {logging_mixin.py:190} INFO - ('***', 'information_schema', 'views', 'VIEW', None, None, None, None, None, 'NO', 'NO', None)
[2025-04-06T08:05:00.802+0000] {logging_mixin.py:190} INFO - ('***', 'information_schema', 'data_type_privileges', 'VIEW', None, None, None, None, None, 'NO', 'NO', None)
[2025-04-06T08:05:00.802+0000] {logging_mixin.py:190} INFO - ('***', 'information_schema', '_pg_user_mappings', 'VIEW', None, None, None, None, None, 'NO', 'NO', None)
[2025-04-06T08:05:00.802+0000] {logging_mixin.py:190} INFO - ('***', 'information_schema', 'element_types', 'VIEW', None, None, None, None, None, 'NO', 'NO', None)
[2025-04-06T08:05:00.802+0000] {logging_mixin.py:190} INFO - ('***', 'information_schema', '_pg_foreign_table_columns', 'VIEW', None, None, None, None, None, 'NO', 'NO', None)
[2025-04-06T08:05:00.802+0000] {logging_mixin.py:190} INFO - ('***', 'information_schema', 'column_options', 'VIEW', None, None, None, None, None, 'NO', 'NO', None)
[2025-04-06T08:05:00.803+0000] {logging_mixin.py:190} INFO - ('***', 'information_schema', '_pg_foreign_data_wrappers', 'VIEW', None, None, None, None, None, 'NO', 'NO', None)
[2025-04-06T08:05:00.803+0000] {logging_mixin.py:190} INFO - ('***', 'information_schema', 'foreign_data_wrapper_options', 'VIEW', None, None, None, None, None, 'NO', 'NO', None)
[2025-04-06T08:05:00.803+0000] {logging_mixin.py:190} INFO - ('***', 'information_schema', 'user_mapping_options', 'VIEW', None, None, None, None, None, 'NO', 'NO', None)
[2025-04-06T08:05:00.803+0000] {logging_mixin.py:190} INFO - ('***', 'information_schema', 'foreign_data_wrappers', 'VIEW', None, None, None, None, None, 'NO', 'NO', None)
[2025-04-06T08:05:00.803+0000] {logging_mixin.py:190} INFO - ('***', 'information_schema', '_pg_foreign_servers', 'VIEW', None, None, None, None, None, 'NO', 'NO', None)
[2025-04-06T08:05:00.804+0000] {logging_mixin.py:190} INFO - ('***', 'information_schema', 'foreign_server_options', 'VIEW', None, None, None, None, None, 'NO', 'NO', None)
[2025-04-06T08:05:00.804+0000] {logging_mixin.py:190} INFO - ('***', 'information_schema', 'foreign_servers', 'VIEW', None, None, None, None, None, 'NO', 'NO', None)
[2025-04-06T08:05:00.804+0000] {logging_mixin.py:190} INFO - ('***', 'information_schema', '_pg_foreign_tables', 'VIEW', None, None, None, None, None, 'NO', 'NO', None)
[2025-04-06T08:05:00.804+0000] {logging_mixin.py:190} INFO - ('***', 'information_schema', 'user_mappings', 'VIEW', None, None, None, None, None, 'NO', 'NO', None)
[2025-04-06T08:05:00.804+0000] {logging_mixin.py:190} INFO - ('***', 'information_schema', 'foreign_table_options', 'VIEW', None, None, None, None, None, 'NO', 'NO', None)
[2025-04-06T08:05:00.804+0000] {logging_mixin.py:190} INFO - ('***', 'public', 'variable', 'BASE TABLE', None, None, None, None, None, 'YES', 'NO', None)
[2025-04-06T08:05:00.805+0000] {logging_mixin.py:190} INFO - ('***', 'public', 'import_error', 'BASE TABLE', None, None, None, None, None, 'YES', 'NO', None)
[2025-04-06T08:05:00.805+0000] {logging_mixin.py:190} INFO - ('***', 'public', 'serialized_dag', 'BASE TABLE', None, None, None, None, None, 'YES', 'NO', None)
[2025-04-06T08:05:00.805+0000] {logging_mixin.py:190} INFO - ('***', 'public', 'dataset_alias', 'BASE TABLE', None, None, None, None, None, 'YES', 'NO', None)
[2025-04-06T08:05:00.805+0000] {logging_mixin.py:190} INFO - ('***', 'public', 'dataset_alias_dataset', 'BASE TABLE', None, None, None, None, None, 'YES', 'NO', None)
[2025-04-06T08:05:00.805+0000] {logging_mixin.py:190} INFO - ('***', 'public', 'dataset', 'BASE TABLE', None, None, None, None, None, 'YES', 'NO', None)
[2025-04-06T08:05:00.805+0000] {logging_mixin.py:190} INFO - ('***', 'public', 'dataset_alias_dataset_event', 'BASE TABLE', None, None, None, None, None, 'YES', 'NO', None)
[2025-04-06T08:05:00.806+0000] {logging_mixin.py:190} INFO - ('***', 'public', 'dataset_event', 'BASE TABLE', None, None, None, None, None, 'YES', 'NO', None)
[2025-04-06T08:05:00.806+0000] {logging_mixin.py:190} INFO - ('***', 'public', 'dag_schedule_dataset_alias_reference', 'BASE TABLE', None, None, None, None, None, 'YES', 'NO', None)
[2025-04-06T08:05:00.806+0000] {logging_mixin.py:190} INFO - ('***', 'public', 'dag', 'BASE TABLE', None, None, None, None, None, 'YES', 'NO', None)
[2025-04-06T08:05:00.806+0000] {logging_mixin.py:190} INFO - ('***', 'public', 'dag_schedule_dataset_reference', 'BASE TABLE', None, None, None, None, None, 'YES', 'NO', None)
[2025-04-06T08:05:00.806+0000] {logging_mixin.py:190} INFO - ('***', 'public', 'task_outlet_dataset_reference', 'BASE TABLE', None, None, None, None, None, 'YES', 'NO', None)
[2025-04-06T08:05:00.806+0000] {logging_mixin.py:190} INFO - ('***', 'public', 'dataset_dag_run_queue', 'BASE TABLE', None, None, None, None, None, 'YES', 'NO', None)
[2025-04-06T08:05:00.807+0000] {logging_mixin.py:190} INFO - ('***', 'public', 'log_template', 'BASE TABLE', None, None, None, None, None, 'YES', 'NO', None)
[2025-04-06T08:05:00.807+0000] {logging_mixin.py:190} INFO - ('***', 'public', 'dag_run', 'BASE TABLE', None, None, None, None, None, 'YES', 'NO', None)
[2025-04-06T08:05:00.807+0000] {logging_mixin.py:190} INFO - ('***', 'public', 'dag_tag', 'BASE TABLE', None, None, None, None, None, 'YES', 'NO', None)
[2025-04-06T08:05:00.807+0000] {logging_mixin.py:190} INFO - ('***', 'public', 'dag_owner_attributes', 'BASE TABLE', None, None, None, None, None, 'YES', 'NO', None)
[2025-04-06T08:05:00.807+0000] {logging_mixin.py:190} INFO - ('***', 'public', 'ab_permission', 'BASE TABLE', None, None, None, None, None, 'YES', 'NO', None)
[2025-04-06T08:05:00.807+0000] {logging_mixin.py:190} INFO - ('***', 'public', 'ab_permission_view', 'BASE TABLE', None, None, None, None, None, 'YES', 'NO', None)
[2025-04-06T08:05:00.808+0000] {logging_mixin.py:190} INFO - ('***', 'public', 'ab_view_menu', 'BASE TABLE', None, None, None, None, None, 'YES', 'NO', None)
[2025-04-06T08:05:00.808+0000] {logging_mixin.py:190} INFO - ('***', 'public', 'ab_user_role', 'BASE TABLE', None, None, None, None, None, 'YES', 'NO', None)
[2025-04-06T08:05:00.808+0000] {logging_mixin.py:190} INFO - ('***', 'public', 'ab_role', 'BASE TABLE', None, None, None, None, None, 'YES', 'NO', None)
[2025-04-06T08:05:00.808+0000] {logging_mixin.py:190} INFO - ('***', 'public', 'dag_warning', 'BASE TABLE', None, None, None, None, None, 'YES', 'NO', None)
[2025-04-06T08:05:00.808+0000] {logging_mixin.py:190} INFO - ('***', 'public', 'dagrun_dataset_event', 'BASE TABLE', None, None, None, None, None, 'YES', 'NO', None)
[2025-04-06T08:05:00.808+0000] {logging_mixin.py:190} INFO - ('***', 'public', 'trigger', 'BASE TABLE', None, None, None, None, None, 'YES', 'NO', None)
[2025-04-06T08:05:00.809+0000] {logging_mixin.py:190} INFO - ('***', 'public', 'task_instance', 'BASE TABLE', None, None, None, None, None, 'YES', 'NO', None)
[2025-04-06T08:05:00.809+0000] {logging_mixin.py:190} INFO - ('***', 'public', 'dag_run_note', 'BASE TABLE', None, None, None, None, None, 'YES', 'NO', None)
[2025-04-06T08:05:00.809+0000] {logging_mixin.py:190} INFO - ('***', 'public', 'ab_permission_view_role', 'BASE TABLE', None, None, None, None, None, 'YES', 'NO', None)
[2025-04-06T08:05:00.809+0000] {logging_mixin.py:190} INFO - ('***', 'public', 'rendered_task_instance_fields', 'BASE TABLE', None, None, None, None, None, 'YES', 'NO', None)
[2025-04-06T08:05:00.809+0000] {logging_mixin.py:190} INFO - ('***', 'public', 'task_fail', 'BASE TABLE', None, None, None, None, None, 'YES', 'NO', None)
[2025-04-06T08:05:00.810+0000] {logging_mixin.py:190} INFO - ('***', 'public', 'task_map', 'BASE TABLE', None, None, None, None, None, 'YES', 'NO', None)
[2025-04-06T08:05:00.810+0000] {logging_mixin.py:190} INFO - ('***', 'public', 'task_reschedule', 'BASE TABLE', None, None, None, None, None, 'YES', 'NO', None)
[2025-04-06T08:05:00.810+0000] {logging_mixin.py:190} INFO - ('***', 'public', 'xcom', 'BASE TABLE', None, None, None, None, None, 'YES', 'NO', None)
[2025-04-06T08:05:00.810+0000] {logging_mixin.py:190} INFO - ('***', 'public', 'celery_taskmeta', 'BASE TABLE', None, None, None, None, None, 'YES', 'NO', None)
[2025-04-06T08:05:00.811+0000] {logging_mixin.py:190} INFO - ('***', 'public', 'task_instance_note', 'BASE TABLE', None, None, None, None, None, 'YES', 'NO', None)
[2025-04-06T08:05:00.811+0000] {logging_mixin.py:190} INFO - ('***', 'public', 'task_instance_history', 'BASE TABLE', None, None, None, None, None, 'YES', 'NO', None)
[2025-04-06T08:05:00.811+0000] {logging_mixin.py:190} INFO - ('***', 'public', 'session', 'BASE TABLE', None, None, None, None, None, 'YES', 'NO', None)
[2025-04-06T08:05:00.811+0000] {logging_mixin.py:190} INFO - ('***', 'public', 'alembic_version', 'BASE TABLE', None, None, None, None, None, 'YES', 'NO', None)
[2025-04-06T08:05:00.812+0000] {logging_mixin.py:190} INFO - ('***', 'public', 'celery_tasksetmeta', 'BASE TABLE', None, None, None, None, None, 'YES', 'NO', None)
[2025-04-06T08:05:00.812+0000] {python.py:240} INFO - Done. Returned value was: None
[2025-04-06T08:05:00.824+0000] {taskinstance.py:340} INFO - ::group::Post task execution logs
[2025-04-06T08:05:00.824+0000] {taskinstance.py:352} INFO - Marking task as SUCCESS. dag_id=play_with_***_connections_and_hooks, task_id=get_data, run_id=scheduled__2025-04-05T00:00:00+00:00, execution_date=20250405T000000, start_date=20250406T080500, end_date=20250406T080500
[2025-04-06T08:05:00.832+0000] {logging_mixin.py:190} INFO - Task instance in success state
[2025-04-06T08:05:00.832+0000] {logging_mixin.py:190} INFO -  Previous state of the Task instance: running
[2025-04-06T08:05:00.832+0000] {logging_mixin.py:190} INFO - Dag name:play_with_***_connections_and_hooks queued_at:2025-04-06 08:04:58.760728+00:00
[2025-04-06T08:05:00.832+0000] {logging_mixin.py:190} INFO - Task hostname:ab13fcc6a433 operator:PythonOperator
[2025-04-06T08:05:00.858+0000] {local_task_job_runner.py:266} INFO - Task exited with return code 0
[2025-04-06T08:05:00.871+0000] {taskinstance.py:3895} INFO - 0 downstream tasks scheduled from follow-on schedule check
[2025-04-06T08:05:00.872+0000] {local_task_job_runner.py:245} INFO - ::endgroup::
