[2025-04-06T12:00:06.252+0000] {local_task_job_runner.py:123} INFO - ::group::Pre task execution logs
[2025-04-06T12:00:06.264+0000] {taskinstance.py:2613} INFO - Dependencies all met for dep_context=non-requeueable deps ti=<TaskInstance: weather_api_dag.load_data_to_postgres scheduled__2025-04-06T11:00:00+00:00 [queued]>
[2025-04-06T12:00:06.271+0000] {taskinstance.py:2613} INFO - Dependencies all met for dep_context=requeueable deps ti=<TaskInstance: weather_api_dag.load_data_to_postgres scheduled__2025-04-06T11:00:00+00:00 [queued]>
[2025-04-06T12:00:06.271+0000] {taskinstance.py:2866} INFO - Starting attempt 1 of 1
[2025-04-06T12:00:06.281+0000] {taskinstance.py:2889} INFO - Executing <Task(PythonOperator): load_data_to_postgres> on 2025-04-06 11:00:00+00:00
[2025-04-06T12:00:06.293+0000] {logging_mixin.py:190} WARNING - /home/***/.local/lib/python3.12/site-packages/***/task/task_runner/standard_task_runner.py:70 DeprecationWarning: This process (pid=240987) is multi-threaded, use of fork() may lead to deadlocks in the child.
[2025-04-06T12:00:06.292+0000] {standard_task_runner.py:104} INFO - Running: ['***', 'tasks', 'run', 'weather_api_dag', 'load_data_to_postgres', 'scheduled__2025-04-06T11:00:00+00:00', '--job-id', '739', '--raw', '--subdir', 'DAGS_FOLDER/weatherAPIDAG.py', '--cfg-path', '/tmp/tmpmojrp8ai']
[2025-04-06T12:00:06.294+0000] {standard_task_runner.py:72} INFO - Started process 240988 to run task
[2025-04-06T12:00:06.294+0000] {standard_task_runner.py:105} INFO - Job 739: Subtask load_data_to_postgres
[2025-04-06T12:00:06.328+0000] {task_command.py:467} INFO - Running <TaskInstance: weather_api_dag.load_data_to_postgres scheduled__2025-04-06T11:00:00+00:00 [running]> on host ab13fcc6a433
[2025-04-06T12:00:06.391+0000] {taskinstance.py:3132} INFO - Exporting env vars: AIRFLOW_CTX_DAG_OWNER='***' AIRFLOW_CTX_DAG_ID='weather_api_dag' AIRFLOW_CTX_TASK_ID='load_data_to_postgres' AIRFLOW_CTX_EXECUTION_DATE='2025-04-06T11:00:00+00:00' AIRFLOW_CTX_TRY_NUMBER='1' AIRFLOW_CTX_DAG_RUN_ID='scheduled__2025-04-06T11:00:00+00:00'
[2025-04-06T12:00:06.393+0000] {logging_mixin.py:190} INFO - Task instance is in running state
[2025-04-06T12:00:06.393+0000] {logging_mixin.py:190} INFO -  Previous state of the Task instance: queued
[2025-04-06T12:00:06.394+0000] {logging_mixin.py:190} INFO - Current task name:load_data_to_postgres state:running start_date:2025-04-06 12:00:06.265159+00:00
[2025-04-06T12:00:06.394+0000] {logging_mixin.py:190} INFO - Dag name:weather_api_dag and current dag run status:running
[2025-04-06T12:00:06.394+0000] {taskinstance.py:731} INFO - ::endgroup::
[2025-04-06T12:00:06.401+0000] {base.py:84} INFO - Retrieving connection 'weather_***_conn'
[2025-04-06T12:00:06.408+0000] {python.py:240} INFO - Done. Returned value was: None
[2025-04-06T12:00:06.415+0000] {taskinstance.py:340} INFO - ::group::Post task execution logs
[2025-04-06T12:00:06.415+0000] {taskinstance.py:352} INFO - Marking task as SUCCESS. dag_id=weather_api_dag, task_id=load_data_to_***, run_id=scheduled__2025-04-06T11:00:00+00:00, execution_date=20250406T110000, start_date=20250406T120006, end_date=20250406T120006
[2025-04-06T12:00:06.421+0000] {logging_mixin.py:190} INFO - Task instance in success state
[2025-04-06T12:00:06.423+0000] {logging_mixin.py:190} INFO -  Previous state of the Task instance: running
[2025-04-06T12:00:06.423+0000] {logging_mixin.py:190} INFO - Dag name:weather_api_dag queued_at:2025-04-06 12:00:00.076553+00:00
[2025-04-06T12:00:06.425+0000] {logging_mixin.py:190} INFO - Task hostname:ab13fcc6a433 operator:PythonOperator
[2025-04-06T12:00:06.470+0000] {local_task_job_runner.py:266} INFO - Task exited with return code 0
[2025-04-06T12:00:06.505+0000] {taskinstance.py:3895} INFO - 0 downstream tasks scheduled from follow-on schedule check
[2025-04-06T12:00:06.511+0000] {local_task_job_runner.py:245} INFO - ::endgroup::
